{"F:\\APImanhwamanhuamanga\\src\\jobs\\jobRunner.js": {"path":"F:\\APImanhwamanhuamanga\\src\\jobs\\jobRunner.js","statementMap":{"0":{"start":{"line":3,"column":18},"end":{"line":3,"column":42}},"1":{"start":{"line":4,"column":13},"end":{"line":4,"column":28}},"2":{"start":{"line":6,"column":24},"end":{"line":10,"column":1}},"3":{"start":{"line":13,"column":15},"end":{"line":13,"column":39}},"4":{"start":{"line":14,"column":2},"end":{"line":16,"column":3}},"5":{"start":{"line":15,"column":4},"end":{"line":15,"column":59}},"6":{"start":{"line":18,"column":15},"end":{"line":18,"column":24}},"7":{"start":{"line":20,"column":2},"end":{"line":22,"column":3}},"8":{"start":{"line":21,"column":4},"end":{"line":21,"column":50}},"9":{"start":{"line":24,"column":2},"end":{"line":26,"column":3}},"10":{"start":{"line":25,"column":4},"end":{"line":25,"column":48}},"11":{"start":{"line":28,"column":2},"end":{"line":30,"column":3}},"12":{"start":{"line":29,"column":4},"end":{"line":29,"column":46}},"13":{"start":{"line":32,"column":2},"end":{"line":34,"column":3}},"14":{"start":{"line":33,"column":4},"end":{"line":33,"column":57}},"15":{"start":{"line":36,"column":2},"end":{"line":38,"column":3}},"16":{"start":{"line":37,"column":4},"end":{"line":37,"column":27}},"17":{"start":{"line":40,"column":2},"end":{"line":40,"column":14}},"18":{"start":{"line":44,"column":20},"end":{"line":44,"column":55}},"19":{"start":{"line":45,"column":14},"end":{"line":45,"column":42}},"20":{"start":{"line":46,"column":25},"end":{"line":46,"column":61}},"21":{"start":{"line":48,"column":24},"end":{"line":57,"column":3}},"22":{"start":{"line":49,"column":19},"end":{"line":49,"column":33}},"23":{"start":{"line":50,"column":4},"end":{"line":52,"column":5}},"24":{"start":{"line":51,"column":6},"end":{"line":51,"column":20}},"25":{"start":{"line":55,"column":18},"end":{"line":55,"column":45}},"26":{"start":{"line":56,"column":4},"end":{"line":56,"column":74}},"27":{"start":{"line":59,"column":2},"end":{"line":96,"column":5}},"28":{"start":{"line":60,"column":18},"end":{"line":64,"column":6}},"29":{"start":{"line":66,"column":17},"end":{"line":66,"column":19}},"30":{"start":{"line":67,"column":17},"end":{"line":67,"column":19}},"31":{"start":{"line":69,"column":18},"end":{"line":72,"column":17}},"32":{"start":{"line":70,"column":6},"end":{"line":70,"column":28}},"33":{"start":{"line":71,"column":6},"end":{"line":71,"column":62}},"34":{"start":{"line":74,"column":4},"end":{"line":76,"column":7}},"35":{"start":{"line":75,"column":6},"end":{"line":75,"column":55}},"36":{"start":{"line":78,"column":4},"end":{"line":80,"column":7}},"37":{"start":{"line":79,"column":6},"end":{"line":79,"column":55}},"38":{"start":{"line":82,"column":4},"end":{"line":85,"column":7}},"39":{"start":{"line":83,"column":6},"end":{"line":83,"column":26}},"40":{"start":{"line":84,"column":6},"end":{"line":84,"column":18}},"41":{"start":{"line":87,"column":4},"end":{"line":95,"column":7}},"42":{"start":{"line":88,"column":6},"end":{"line":88,"column":26}},"43":{"start":{"line":89,"column":6},"end":{"line":92,"column":7}},"44":{"start":{"line":90,"column":8},"end":{"line":90,"column":42}},"45":{"start":{"line":91,"column":8},"end":{"line":91,"column":15}},"46":{"start":{"line":94,"column":6},"end":{"line":94,"column":82}},"47":{"start":{"line":100,"column":2},"end":{"line":100,"column":45}},"48":{"start":{"line":103,"column":0},"end":{"line":107,"column":2}}},"fnMap":{"0":{"name":"buildScraperArgs","decl":{"start":{"line":12,"column":9},"end":{"line":12,"column":25}},"loc":{"start":{"line":12,"column":49},"end":{"line":41,"column":1}},"line":12},"1":{"name":"runNodeJob","decl":{"start":{"line":43,"column":9},"end":{"line":43,"column":19}},"loc":{"start":{"line":43,"column":40},"end":{"line":97,"column":1}},"line":43},"2":{"name":"(anonymous_2)","decl":{"start":{"line":48,"column":24},"end":{"line":48,"column":25}},"loc":{"start":{"line":48,"column":43},"end":{"line":57,"column":3}},"line":48},"3":{"name":"(anonymous_3)","decl":{"start":{"line":59,"column":21},"end":{"line":59,"column":22}},"loc":{"start":{"line":59,"column":42},"end":{"line":96,"column":3}},"line":59},"4":{"name":"(anonymous_4)","decl":{"start":{"line":69,"column":29},"end":{"line":69,"column":30}},"loc":{"start":{"line":69,"column":35},"end":{"line":72,"column":5}},"line":69},"5":{"name":"(anonymous_5)","decl":{"start":{"line":74,"column":28},"end":{"line":74,"column":29}},"loc":{"start":{"line":74,"column":39},"end":{"line":76,"column":5}},"line":74},"6":{"name":"(anonymous_6)","decl":{"start":{"line":78,"column":28},"end":{"line":78,"column":29}},"loc":{"start":{"line":78,"column":39},"end":{"line":80,"column":5}},"line":78},"7":{"name":"(anonymous_7)","decl":{"start":{"line":82,"column":22},"end":{"line":82,"column":23}},"loc":{"start":{"line":82,"column":31},"end":{"line":85,"column":5}},"line":82},"8":{"name":"(anonymous_8)","decl":{"start":{"line":87,"column":22},"end":{"line":87,"column":23}},"loc":{"start":{"line":87,"column":32},"end":{"line":95,"column":5}},"line":87},"9":{"name":"getProjectRoot","decl":{"start":{"line":99,"column":9},"end":{"line":99,"column":23}},"loc":{"start":{"line":99,"column":26},"end":{"line":101,"column":1}},"line":99}},"branchMap":{"0":{"loc":{"start":{"line":12,"column":35},"end":{"line":12,"column":47}},"type":"default-arg","locations":[{"start":{"line":12,"column":45},"end":{"line":12,"column":47}}],"line":12},"1":{"loc":{"start":{"line":14,"column":2},"end":{"line":16,"column":3}},"type":"if","locations":[{"start":{"line":14,"column":2},"end":{"line":16,"column":3}},{"start":{},"end":{}}],"line":14},"2":{"loc":{"start":{"line":20,"column":2},"end":{"line":22,"column":3}},"type":"if","locations":[{"start":{"line":20,"column":2},"end":{"line":22,"column":3}},{"start":{},"end":{}}],"line":20},"3":{"loc":{"start":{"line":24,"column":2},"end":{"line":26,"column":3}},"type":"if","locations":[{"start":{"line":24,"column":2},"end":{"line":26,"column":3}},{"start":{},"end":{}}],"line":24},"4":{"loc":{"start":{"line":28,"column":2},"end":{"line":30,"column":3}},"type":"if","locations":[{"start":{"line":28,"column":2},"end":{"line":30,"column":3}},{"start":{},"end":{}}],"line":28},"5":{"loc":{"start":{"line":32,"column":2},"end":{"line":34,"column":3}},"type":"if","locations":[{"start":{"line":32,"column":2},"end":{"line":34,"column":3}},{"start":{},"end":{}}],"line":32},"6":{"loc":{"start":{"line":36,"column":2},"end":{"line":38,"column":3}},"type":"if","locations":[{"start":{"line":36,"column":2},"end":{"line":38,"column":3}},{"start":{},"end":{}}],"line":36},"7":{"loc":{"start":{"line":43,"column":26},"end":{"line":43,"column":38}},"type":"default-arg","locations":[{"start":{"line":43,"column":36},"end":{"line":43,"column":38}}],"line":43},"8":{"loc":{"start":{"line":44,"column":20},"end":{"line":44,"column":55}},"type":"binary-expr","locations":[{"start":{"line":44,"column":20},"end":{"line":44,"column":37}},{"start":{"line":44,"column":41},"end":{"line":44,"column":55}}],"line":44},"9":{"loc":{"start":{"line":45,"column":14},"end":{"line":45,"column":42}},"type":"binary-expr","locations":[{"start":{"line":45,"column":14},"end":{"line":45,"column":25}},{"start":{"line":45,"column":29},"end":{"line":45,"column":42}}],"line":45},"10":{"loc":{"start":{"line":46,"column":25},"end":{"line":46,"column":61}},"type":"binary-expr","locations":[{"start":{"line":46,"column":25},"end":{"line":46,"column":47}},{"start":{"line":46,"column":51},"end":{"line":46,"column":61}}],"line":46},"11":{"loc":{"start":{"line":50,"column":4},"end":{"line":52,"column":5}},"type":"if","locations":[{"start":{"line":50,"column":4},"end":{"line":52,"column":5}},{"start":{},"end":{}}],"line":50},"12":{"loc":{"start":{"line":89,"column":6},"end":{"line":92,"column":7}},"type":"if","locations":[{"start":{"line":89,"column":6},"end":{"line":92,"column":7}},{"start":{},"end":{}}],"line":89},"13":{"loc":{"start":{"line":94,"column":61},"end":{"line":94,"column":77}},"type":"binary-expr","locations":[{"start":{"line":94,"column":61},"end":{"line":94,"column":67}},{"start":{"line":94,"column":71},"end":{"line":94,"column":77}}],"line":94}},"s":{"0":1,"1":1,"2":1,"3":2,"4":2,"5":0,"6":2,"7":2,"8":1,"9":2,"10":1,"11":2,"12":1,"13":2,"14":1,"15":2,"16":1,"17":2,"18":2,"19":2,"20":2,"21":2,"22":1,"23":1,"24":1,"25":0,"26":0,"27":2,"28":2,"29":2,"30":2,"31":2,"32":0,"33":0,"34":2,"35":1,"36":2,"37":0,"38":2,"39":0,"40":0,"41":2,"42":2,"43":2,"44":1,"45":1,"46":1,"47":0,"48":1},"f":{"0":2,"1":2,"2":1,"3":2,"4":0,"5":1,"6":0,"7":0,"8":2,"9":0},"b":{"0":[1],"1":[0,2],"2":[1,1],"3":[1,1],"4":[1,1],"5":[1,1],"6":[1,1],"7":[0],"8":[2,0],"9":[2,2],"10":[2,2],"11":[1,0],"12":[1,1],"13":[1,1]},"_coverageSchema":"1a1c01bbd47fc00a2c39e90264f33305004495a9","hash":"f40185fea37883c75e75392767af3e169e6d2232"}
,"F:\\APImanhwamanhuamanga\\src\\jobs\\queue.js": {"path":"F:\\APImanhwamanhuamanga\\src\\jobs\\queue.js","statementMap":{"0":{"start":{"line":3,"column":18},"end":{"line":3,"column":35}},"1":{"start":{"line":4,"column":16},"end":{"line":4,"column":40}},"2":{"start":{"line":7,"column":0},"end":{"line":11,"column":1}},"3":{"start":{"line":8,"column":2},"end":{"line":8,"column":29}},"4":{"start":{"line":10,"column":2},"end":{"line":10,"column":85}},"5":{"start":{"line":13,"column":0},"end":{"line":15,"column":1}},"6":{"start":{"line":14,"column":2},"end":{"line":14,"column":75}},"7":{"start":{"line":17,"column":19},"end":{"line":21,"column":2}},"8":{"start":{"line":23,"column":27},"end":{"line":23,"column":41}},"9":{"start":{"line":25,"column":21},"end":{"line":36,"column":2}},"10":{"start":{"line":38,"column":0},"end":{"line":42,"column":2}}},"fnMap":{},"branchMap":{"0":{"loc":{"start":{"line":13,"column":0},"end":{"line":15,"column":1}},"type":"if","locations":[{"start":{"line":13,"column":0},"end":{"line":15,"column":1}},{"start":{},"end":{}}],"line":13}},"s":{"0":1,"1":1,"2":1,"3":1,"4":0,"5":1,"6":0,"7":1,"8":1,"9":1,"10":1},"f":{},"b":{"0":[0,1]},"_coverageSchema":"1a1c01bbd47fc00a2c39e90264f33305004495a9","hash":"d589f24e4c2634bbf5a287cb132613ec0bdebeb3"}
,"F:\\APImanhwamanhuamanga\\src\\jobs\\scheduler.js": {"path":"F:\\APImanhwamanhuamanga\\src\\jobs\\scheduler.js","statementMap":{"0":{"start":{"line":3,"column":0},"end":{"line":3,"column":27}},"1":{"start":{"line":5,"column":37},"end":{"line":5,"column":55}},"2":{"start":{"line":6,"column":15},"end":{"line":6,"column":42}},"3":{"start":{"line":8,"column":20},"end":{"line":8,"column":66}},"4":{"start":{"line":9,"column":21},"end":{"line":9,"column":70}},"5":{"start":{"line":10,"column":26},"end":{"line":10,"column":78}},"6":{"start":{"line":11,"column":19},"end":{"line":11,"column":59}},"7":{"start":{"line":14,"column":2},"end":{"line":20,"column":5}},"8":{"start":{"line":22,"column":2},"end":{"line":28,"column":5}},"9":{"start":{"line":30,"column":2},"end":{"line":36,"column":5}},"10":{"start":{"line":40,"column":2},"end":{"line":45,"column":5}},"11":{"start":{"line":47,"column":2},"end":{"line":47,"column":31}},"12":{"start":{"line":49,"column":2},"end":{"line":56,"column":3}},"13":{"start":{"line":50,"column":4},"end":{"line":54,"column":6}},"14":{"start":{"line":55,"column":4},"end":{"line":55,"column":62}},"15":{"start":{"line":58,"column":2},"end":{"line":58,"column":87}},"16":{"start":{"line":62,"column":2},"end":{"line":62,"column":44}},"17":{"start":{"line":63,"column":2},"end":{"line":63,"column":29}},"18":{"start":{"line":64,"column":2},"end":{"line":64,"column":26}},"19":{"start":{"line":65,"column":2},"end":{"line":65,"column":18}},"20":{"start":{"line":68,"column":0},"end":{"line":68,"column":31}},"21":{"start":{"line":69,"column":0},"end":{"line":69,"column":32}},"22":{"start":{"line":71,"column":0},"end":{"line":76,"column":1}},"23":{"start":{"line":72,"column":2},"end":{"line":75,"column":5}},"24":{"start":{"line":73,"column":4},"end":{"line":73,"column":71}},"25":{"start":{"line":74,"column":4},"end":{"line":74,"column":20}},"26":{"start":{"line":78,"column":0},"end":{"line":82,"column":2}}},"fnMap":{"0":{"name":"upsertRepeatableJobs","decl":{"start":{"line":13,"column":15},"end":{"line":13,"column":35}},"loc":{"start":{"line":13,"column":38},"end":{"line":37,"column":1}},"line":13},"1":{"name":"bootstrap","decl":{"start":{"line":39,"column":15},"end":{"line":39,"column":24}},"loc":{"start":{"line":39,"column":27},"end":{"line":59,"column":1}},"line":39},"2":{"name":"shutdown","decl":{"start":{"line":61,"column":15},"end":{"line":61,"column":23}},"loc":{"start":{"line":61,"column":26},"end":{"line":66,"column":1}},"line":61},"3":{"name":"(anonymous_3)","decl":{"start":{"line":72,"column":20},"end":{"line":72,"column":21}},"loc":{"start":{"line":72,"column":29},"end":{"line":75,"column":3}},"line":72}},"branchMap":{"0":{"loc":{"start":{"line":8,"column":20},"end":{"line":8,"column":66}},"type":"binary-expr","locations":[{"start":{"line":8,"column":20},"end":{"line":8,"column":51}},{"start":{"line":8,"column":55},"end":{"line":8,"column":66}}],"line":8},"1":{"loc":{"start":{"line":9,"column":21},"end":{"line":9,"column":70}},"type":"binary-expr","locations":[{"start":{"line":9,"column":21},"end":{"line":9,"column":53}},{"start":{"line":9,"column":57},"end":{"line":9,"column":70}}],"line":9},"2":{"loc":{"start":{"line":10,"column":26},"end":{"line":10,"column":78}},"type":"binary-expr","locations":[{"start":{"line":10,"column":26},"end":{"line":10,"column":63}},{"start":{"line":10,"column":67},"end":{"line":10,"column":78}}],"line":10},"3":{"loc":{"start":{"line":11,"column":19},"end":{"line":11,"column":59}},"type":"binary-expr","locations":[{"start":{"line":11,"column":19},"end":{"line":11,"column":41}},{"start":{"line":11,"column":45},"end":{"line":11,"column":59}}],"line":11},"4":{"loc":{"start":{"line":49,"column":2},"end":{"line":56,"column":3}},"type":"if","locations":[{"start":{"line":49,"column":2},"end":{"line":56,"column":3}},{"start":{},"end":{}}],"line":49},"5":{"loc":{"start":{"line":71,"column":0},"end":{"line":76,"column":1}},"type":"if","locations":[{"start":{"line":71,"column":0},"end":{"line":76,"column":1}},{"start":{},"end":{}}],"line":71}},"s":{"0":2,"1":2,"2":2,"3":2,"4":2,"5":2,"6":2,"7":3,"8":3,"9":3,"10":2,"11":2,"12":2,"13":2,"14":2,"15":2,"16":1,"17":1,"18":1,"19":1,"20":2,"21":2,"22":2,"23":0,"24":0,"25":0,"26":2},"f":{"0":3,"1":2,"2":1,"3":0},"b":{"0":[2,2],"1":[2,2],"2":[2,2],"3":[2,2],"4":[2,0],"5":[0,2]},"_coverageSchema":"1a1c01bbd47fc00a2c39e90264f33305004495a9","hash":"08d8b4eff75213436698ca80894a03167ba630e7"}
,"F:\\APImanhwamanhuamanga\\src\\jobs\\worker.js": {"path":"F:\\APImanhwamanhuamanga\\src\\jobs\\worker.js","statementMap":{"0":{"start":{"line":3,"column":0},"end":{"line":3,"column":27}},"1":{"start":{"line":5,"column":19},"end":{"line":5,"column":36}},"2":{"start":{"line":6,"column":43},"end":{"line":6,"column":61}},"3":{"start":{"line":7,"column":57},"end":{"line":7,"column":79}},"4":{"start":{"line":8,"column":15},"end":{"line":8,"column":42}},"5":{"start":{"line":10,"column":23},"end":{"line":10,"column":97}},"6":{"start":{"line":11,"column":20},"end":{"line":11,"column":79}},"7":{"start":{"line":14,"column":17},"end":{"line":48,"column":3}},"8":{"start":{"line":17,"column":24},"end":{"line":17,"column":34}},"9":{"start":{"line":18,"column":19},"end":{"line":18,"column":61}},"10":{"start":{"line":20,"column":6},"end":{"line":25,"column":9}},"11":{"start":{"line":27,"column":21},"end":{"line":31,"column":8}},"12":{"start":{"line":33,"column":25},"end":{"line":33,"column":47}},"13":{"start":{"line":34,"column":6},"end":{"line":39,"column":9}},"14":{"start":{"line":41,"column":6},"end":{"line":45,"column":8}},"15":{"start":{"line":50,"column":2},"end":{"line":57,"column":5}},"16":{"start":{"line":51,"column":4},"end":{"line":56,"column":7}},"17":{"start":{"line":59,"column":2},"end":{"line":65,"column":5}},"18":{"start":{"line":60,"column":4},"end":{"line":64,"column":7}},"19":{"start":{"line":67,"column":2},"end":{"line":67,"column":16}},"20":{"start":{"line":71,"column":2},"end":{"line":71,"column":49}},"21":{"start":{"line":72,"column":2},"end":{"line":72,"column":23}},"22":{"start":{"line":73,"column":2},"end":{"line":73,"column":26}},"23":{"start":{"line":74,"column":2},"end":{"line":74,"column":18}},"24":{"start":{"line":77,"column":0},"end":{"line":86,"column":1}},"25":{"start":{"line":78,"column":17},"end":{"line":78,"column":38}},"26":{"start":{"line":79,"column":2},"end":{"line":79,"column":47}},"27":{"start":{"line":79,"column":29},"end":{"line":79,"column":45}},"28":{"start":{"line":80,"column":2},"end":{"line":80,"column":48}},"29":{"start":{"line":80,"column":30},"end":{"line":80,"column":46}},"30":{"start":{"line":82,"column":2},"end":{"line":85,"column":5}},"31":{"start":{"line":88,"column":0},"end":{"line":88,"column":51}}},"fnMap":{"0":{"name":"createScraperWorker","decl":{"start":{"line":13,"column":9},"end":{"line":13,"column":28}},"loc":{"start":{"line":13,"column":31},"end":{"line":68,"column":1}},"line":13},"1":{"name":"(anonymous_1)","decl":{"start":{"line":16,"column":4},"end":{"line":16,"column":5}},"loc":{"start":{"line":16,"column":19},"end":{"line":46,"column":5}},"line":16},"2":{"name":"(anonymous_2)","decl":{"start":{"line":50,"column":22},"end":{"line":50,"column":23}},"loc":{"start":{"line":50,"column":36},"end":{"line":57,"column":3}},"line":50},"3":{"name":"(anonymous_3)","decl":{"start":{"line":59,"column":25},"end":{"line":59,"column":26}},"loc":{"start":{"line":59,"column":34},"end":{"line":65,"column":3}},"line":59},"4":{"name":"shutdown","decl":{"start":{"line":70,"column":15},"end":{"line":70,"column":23}},"loc":{"start":{"line":70,"column":32},"end":{"line":75,"column":1}},"line":70},"5":{"name":"(anonymous_5)","decl":{"start":{"line":79,"column":23},"end":{"line":79,"column":24}},"loc":{"start":{"line":79,"column":29},"end":{"line":79,"column":45}},"line":79},"6":{"name":"(anonymous_6)","decl":{"start":{"line":80,"column":24},"end":{"line":80,"column":25}},"loc":{"start":{"line":80,"column":30},"end":{"line":80,"column":46}},"line":80}},"branchMap":{"0":{"loc":{"start":{"line":10,"column":32},"end":{"line":10,"column":92}},"type":"binary-expr","locations":[{"start":{"line":10,"column":32},"end":{"line":10,"column":66}},{"start":{"line":10,"column":70},"end":{"line":10,"column":92}}],"line":10},"1":{"loc":{"start":{"line":11,"column":29},"end":{"line":11,"column":74}},"type":"binary-expr","locations":[{"start":{"line":11,"column":29},"end":{"line":11,"column":67}},{"start":{"line":11,"column":71},"end":{"line":11,"column":74}}],"line":11},"2":{"loc":{"start":{"line":18,"column":46},"end":{"line":18,"column":60}},"type":"binary-expr","locations":[{"start":{"line":18,"column":46},"end":{"line":18,"column":54}},{"start":{"line":18,"column":58},"end":{"line":18,"column":60}}],"line":18},"3":{"loc":{"start":{"line":77,"column":0},"end":{"line":86,"column":1}},"type":"if","locations":[{"start":{"line":77,"column":0},"end":{"line":86,"column":1}},{"start":{},"end":{}}],"line":77}},"s":{"0":2,"1":2,"2":2,"3":2,"4":2,"5":2,"6":2,"7":3,"8":2,"9":2,"10":2,"11":2,"12":2,"13":2,"14":2,"15":3,"16":0,"17":3,"18":0,"19":3,"20":0,"21":0,"22":0,"23":0,"24":2,"25":0,"26":0,"27":0,"28":0,"29":0,"30":0,"31":2},"f":{"0":3,"1":2,"2":0,"3":0,"4":0,"5":0,"6":0},"b":{"0":[2,2],"1":[2,2],"2":[2,0],"3":[0,2]},"_coverageSchema":"1a1c01bbd47fc00a2c39e90264f33305004495a9","hash":"92d6e23cf2b12f02e6af035fda115bf108fb7a3a"}
,"F:\\APImanhwamanhuamanga\\src\\middlewares\\validateObjectId.middleware.js": {"path":"F:\\APImanhwamanhuamanga\\src\\middlewares\\validateObjectId.middleware.js","statementMap":{"0":{"start":{"line":1,"column":17},"end":{"line":1,"column":36}},"1":{"start":{"line":2,"column":17},"end":{"line":2,"column":53}},"2":{"start":{"line":12,"column":25},"end":{"line":20,"column":1}},"3":{"start":{"line":12,"column":44},"end":{"line":20,"column":1}},"4":{"start":{"line":13,"column":2},"end":{"line":18,"column":3}},"5":{"start":{"line":14,"column":18},"end":{"line":14,"column":35}},"6":{"start":{"line":15,"column":4},"end":{"line":17,"column":5}},"7":{"start":{"line":16,"column":6},"end":{"line":16,"column":82}},"8":{"start":{"line":19,"column":2},"end":{"line":19,"column":9}},"9":{"start":{"line":22,"column":0},"end":{"line":22,"column":38}}},"fnMap":{"0":{"name":"(anonymous_0)","decl":{"start":{"line":12,"column":25},"end":{"line":12,"column":26}},"loc":{"start":{"line":12,"column":44},"end":{"line":20,"column":1}},"line":12},"1":{"name":"(anonymous_1)","decl":{"start":{"line":12,"column":44},"end":{"line":12,"column":45}},"loc":{"start":{"line":12,"column":65},"end":{"line":20,"column":1}},"line":12}},"branchMap":{"0":{"loc":{"start":{"line":15,"column":4},"end":{"line":17,"column":5}},"type":"if","locations":[{"start":{"line":15,"column":4},"end":{"line":17,"column":5}},{"start":{},"end":{}}],"line":15},"1":{"loc":{"start":{"line":15,"column":8},"end":{"line":15,"column":57}},"type":"binary-expr","locations":[{"start":{"line":15,"column":8},"end":{"line":15,"column":14}},{"start":{"line":15,"column":18},"end":{"line":15,"column":57}}],"line":15}},"s":{"0":8,"1":8,"2":8,"3":250,"4":23,"5":26,"6":26,"7":7,"8":16,"9":8},"f":{"0":250,"1":23},"b":{"0":[7,19],"1":[26,25]},"_coverageSchema":"1a1c01bbd47fc00a2c39e90264f33305004495a9","hash":"b05db27166538b770e0fd923c3d946b5153b6b7e"}
,"F:\\APImanhwamanhuamanga\\src\\modules\\auth\\auth.service.js": {"path":"F:\\APImanhwamanhuamanga\\src\\modules\\auth\\auth.service.js","statementMap":{"0":{"start":{"line":1,"column":15},"end":{"line":1,"column":32}},"1":{"start":{"line":2,"column":12},"end":{"line":2,"column":35}},"2":{"start":{"line":3,"column":17},"end":{"line":3,"column":62}},"3":{"start":{"line":4,"column":16},"end":{"line":4,"column":43}},"4":{"start":{"line":5,"column":21},"end":{"line":5,"column":51}},"5":{"start":{"line":6,"column":17},"end":{"line":6,"column":56}},"6":{"start":{"line":8,"column":18},"end":{"line":9,"column":57}},"7":{"start":{"line":9,"column":2},"end":{"line":9,"column":57}},"8":{"start":{"line":11,"column":28},"end":{"line":14,"column":4}},"9":{"start":{"line":12,"column":2},"end":{"line":14,"column":4}},"10":{"start":{"line":16,"column":29},"end":{"line":19,"column":4}},"11":{"start":{"line":17,"column":2},"end":{"line":19,"column":4}},"12":{"start":{"line":21,"column":20},"end":{"line":28,"column":1}},"13":{"start":{"line":22,"column":16},"end":{"line":22,"column":50}},"14":{"start":{"line":23,"column":2},"end":{"line":23,"column":45}},"15":{"start":{"line":23,"column":14},"end":{"line":23,"column":45}},"16":{"start":{"line":24,"column":16},"end":{"line":24,"column":38}},"17":{"start":{"line":25,"column":15},"end":{"line":25,"column":23}},"18":{"start":{"line":26,"column":22},"end":{"line":26,"column":68}},"19":{"start":{"line":27,"column":2},"end":{"line":27,"column":49}},"20":{"start":{"line":30,"column":25},"end":{"line":36,"column":1}},"21":{"start":{"line":31,"column":2},"end":{"line":35,"column":5}},"22":{"start":{"line":38,"column":17},"end":{"line":52,"column":1}},"23":{"start":{"line":39,"column":23},"end":{"line":39,"column":80}},"24":{"start":{"line":40,"column":2},"end":{"line":40,"column":79}},"25":{"start":{"line":40,"column":20},"end":{"line":40,"column":79}},"26":{"start":{"line":42,"column":15},"end":{"line":42,"column":71}},"27":{"start":{"line":43,"column":22},"end":{"line":43,"column":47}},"28":{"start":{"line":44,"column":23},"end":{"line":44,"column":49}},"29":{"start":{"line":46,"column":2},"end":{"line":46,"column":49}},"30":{"start":{"line":49,"column":2},"end":{"line":49,"column":46}},"31":{"start":{"line":51,"column":2},"end":{"line":51,"column":60}},"32":{"start":{"line":54,"column":14},"end":{"line":74,"column":1}},"33":{"start":{"line":55,"column":15},"end":{"line":55,"column":52}},"34":{"start":{"line":56,"column":2},"end":{"line":58,"column":3}},"35":{"start":{"line":57,"column":4},"end":{"line":57,"column":57}},"36":{"start":{"line":61,"column":2},"end":{"line":63,"column":3}},"37":{"start":{"line":62,"column":4},"end":{"line":62,"column":119}},"38":{"start":{"line":66,"column":2},"end":{"line":66,"column":53}},"39":{"start":{"line":68,"column":22},"end":{"line":68,"column":47}},"40":{"start":{"line":69,"column":23},"end":{"line":69,"column":49}},"41":{"start":{"line":71,"column":2},"end":{"line":71,"column":49}},"42":{"start":{"line":73,"column":2},"end":{"line":73,"column":60}},"43":{"start":{"line":76,"column":16},"end":{"line":103,"column":1}},"44":{"start":{"line":77,"column":20},"end":{"line":77,"column":36}},"45":{"start":{"line":78,"column":17},"end":{"line":78,"column":59}},"46":{"start":{"line":79,"column":2},"end":{"line":79,"column":64}},"47":{"start":{"line":79,"column":15},"end":{"line":79,"column":64}},"48":{"start":{"line":82,"column":2},"end":{"line":87,"column":3}},"49":{"start":{"line":83,"column":4},"end":{"line":83,"column":56}},"50":{"start":{"line":85,"column":4},"end":{"line":85,"column":49}},"51":{"start":{"line":86,"column":4},"end":{"line":86,"column":64}},"52":{"start":{"line":89,"column":15},"end":{"line":89,"column":54}},"53":{"start":{"line":90,"column":2},"end":{"line":93,"column":3}},"54":{"start":{"line":91,"column":4},"end":{"line":91,"column":49}},"55":{"start":{"line":92,"column":4},"end":{"line":92,"column":46}},"56":{"start":{"line":95,"column":2},"end":{"line":95,"column":47}},"57":{"start":{"line":97,"column":22},"end":{"line":97,"column":47}},"58":{"start":{"line":98,"column":26},"end":{"line":98,"column":52}},"59":{"start":{"line":100,"column":2},"end":{"line":100,"column":52}},"60":{"start":{"line":102,"column":2},"end":{"line":102,"column":56}},"61":{"start":{"line":105,"column":15},"end":{"line":107,"column":1}},"62":{"start":{"line":106,"column":2},"end":{"line":106,"column":54}},"63":{"start":{"line":111,"column":23},"end":{"line":134,"column":1}},"64":{"start":{"line":112,"column":15},"end":{"line":112,"column":52}},"65":{"start":{"line":114,"column":2},"end":{"line":114,"column":20}},"66":{"start":{"line":114,"column":13},"end":{"line":114,"column":20}},"67":{"start":{"line":116,"column":2},"end":{"line":116,"column":53}},"68":{"start":{"line":118,"column":19},"end":{"line":118,"column":57}},"69":{"start":{"line":119,"column":20},"end":{"line":119,"column":39}},"70":{"start":{"line":121,"column":2},"end":{"line":125,"column":5}},"71":{"start":{"line":127,"column":19},"end":{"line":127,"column":80}},"72":{"start":{"line":128,"column":2},"end":{"line":133,"column":5}},"73":{"start":{"line":136,"column":22},"end":{"line":150,"column":1}},"74":{"start":{"line":137,"column":20},"end":{"line":137,"column":39}},"75":{"start":{"line":138,"column":17},"end":{"line":138,"column":65}},"76":{"start":{"line":139,"column":2},"end":{"line":139,"column":82}},"77":{"start":{"line":139,"column":15},"end":{"line":139,"column":82}},"78":{"start":{"line":141,"column":15},"end":{"line":141,"column":55}},"79":{"start":{"line":142,"column":2},"end":{"line":142,"column":55}},"80":{"start":{"line":142,"column":13},"end":{"line":142,"column":55}},"81":{"start":{"line":144,"column":2},"end":{"line":144,"column":30}},"82":{"start":{"line":145,"column":2},"end":{"line":145,"column":20}},"83":{"start":{"line":147,"column":2},"end":{"line":147,"column":53}},"84":{"start":{"line":149,"column":2},"end":{"line":149,"column":53}},"85":{"start":{"line":154,"column":30},"end":{"line":171,"column":1}},"86":{"start":{"line":155,"column":19},"end":{"line":155,"column":57}},"87":{"start":{"line":156,"column":20},"end":{"line":156,"column":39}},"88":{"start":{"line":158,"column":2},"end":{"line":162,"column":5}},"89":{"start":{"line":164,"column":20},"end":{"line":164,"column":79}},"90":{"start":{"line":165,"column":2},"end":{"line":170,"column":5}},"91":{"start":{"line":173,"column":20},"end":{"line":180,"column":1}},"92":{"start":{"line":174,"column":20},"end":{"line":174,"column":39}},"93":{"start":{"line":175,"column":17},"end":{"line":175,"column":63}},"94":{"start":{"line":176,"column":2},"end":{"line":176,"column":80}},"95":{"start":{"line":176,"column":15},"end":{"line":176,"column":80}},"96":{"start":{"line":178,"column":2},"end":{"line":178,"column":72}},"97":{"start":{"line":179,"column":2},"end":{"line":179,"column":53}},"98":{"start":{"line":182,"column":0},"end":{"line":182,"column":121}}},"fnMap":{"0":{"name":"(anonymous_0)","decl":{"start":{"line":8,"column":18},"end":{"line":8,"column":19}},"loc":{"start":{"line":9,"column":2},"end":{"line":9,"column":57}},"line":9},"1":{"name":"(anonymous_1)","decl":{"start":{"line":11,"column":28},"end":{"line":11,"column":29}},"loc":{"start":{"line":12,"column":2},"end":{"line":14,"column":4}},"line":12},"2":{"name":"(anonymous_2)","decl":{"start":{"line":16,"column":29},"end":{"line":16,"column":30}},"loc":{"start":{"line":17,"column":2},"end":{"line":19,"column":4}},"line":17},"3":{"name":"(anonymous_3)","decl":{"start":{"line":21,"column":20},"end":{"line":21,"column":21}},"loc":{"start":{"line":21,"column":35},"end":{"line":28,"column":1}},"line":21},"4":{"name":"(anonymous_4)","decl":{"start":{"line":30,"column":25},"end":{"line":30,"column":26}},"loc":{"start":{"line":30,"column":53},"end":{"line":36,"column":1}},"line":30},"5":{"name":"(anonymous_5)","decl":{"start":{"line":38,"column":17},"end":{"line":38,"column":18}},"loc":{"start":{"line":38,"column":58},"end":{"line":52,"column":1}},"line":38},"6":{"name":"(anonymous_6)","decl":{"start":{"line":49,"column":36},"end":{"line":49,"column":37}},"loc":{"start":{"line":49,"column":42},"end":{"line":49,"column":44}},"line":49},"7":{"name":"(anonymous_7)","decl":{"start":{"line":54,"column":14},"end":{"line":54,"column":15}},"loc":{"start":{"line":54,"column":45},"end":{"line":74,"column":1}},"line":54},"8":{"name":"(anonymous_8)","decl":{"start":{"line":76,"column":16},"end":{"line":76,"column":17}},"loc":{"start":{"line":76,"column":33},"end":{"line":103,"column":1}},"line":76},"9":{"name":"(anonymous_9)","decl":{"start":{"line":105,"column":15},"end":{"line":105,"column":16}},"loc":{"start":{"line":105,"column":32},"end":{"line":107,"column":1}},"line":105},"10":{"name":"(anonymous_10)","decl":{"start":{"line":111,"column":23},"end":{"line":111,"column":24}},"loc":{"start":{"line":111,"column":40},"end":{"line":134,"column":1}},"line":111},"11":{"name":"(anonymous_11)","decl":{"start":{"line":136,"column":22},"end":{"line":136,"column":23}},"loc":{"start":{"line":136,"column":55},"end":{"line":150,"column":1}},"line":136},"12":{"name":"(anonymous_12)","decl":{"start":{"line":154,"column":30},"end":{"line":154,"column":31}},"loc":{"start":{"line":154,"column":46},"end":{"line":171,"column":1}},"line":154},"13":{"name":"(anonymous_13)","decl":{"start":{"line":173,"column":20},"end":{"line":173,"column":21}},"loc":{"start":{"line":173,"column":40},"end":{"line":180,"column":1}},"line":173}},"branchMap":{"0":{"loc":{"start":{"line":23,"column":2},"end":{"line":23,"column":45}},"type":"if","locations":[{"start":{"line":23,"column":2},"end":{"line":23,"column":45}},{"start":{},"end":{}}],"line":23},"1":{"loc":{"start":{"line":27,"column":18},"end":{"line":27,"column":47}},"type":"binary-expr","locations":[{"start":{"line":27,"column":18},"end":{"line":27,"column":35}},{"start":{"line":27,"column":39},"end":{"line":27,"column":47}}],"line":27},"2":{"loc":{"start":{"line":40,"column":2},"end":{"line":40,"column":79}},"type":"if","locations":[{"start":{"line":40,"column":2},"end":{"line":40,"column":79}},{"start":{},"end":{}}],"line":40},"3":{"loc":{"start":{"line":56,"column":2},"end":{"line":58,"column":3}},"type":"if","locations":[{"start":{"line":56,"column":2},"end":{"line":58,"column":3}},{"start":{},"end":{}}],"line":56},"4":{"loc":{"start":{"line":56,"column":6},"end":{"line":56,"column":54}},"type":"binary-expr","locations":[{"start":{"line":56,"column":6},"end":{"line":56,"column":11}},{"start":{"line":56,"column":15},"end":{"line":56,"column":54}}],"line":56},"5":{"loc":{"start":{"line":61,"column":2},"end":{"line":63,"column":3}},"type":"if","locations":[{"start":{"line":61,"column":2},"end":{"line":63,"column":3}},{"start":{},"end":{}}],"line":61},"6":{"loc":{"start":{"line":79,"column":2},"end":{"line":79,"column":64}},"type":"if","locations":[{"start":{"line":79,"column":2},"end":{"line":79,"column":64}},{"start":{},"end":{}}],"line":79},"7":{"loc":{"start":{"line":90,"column":2},"end":{"line":93,"column":3}},"type":"if","locations":[{"start":{"line":90,"column":2},"end":{"line":93,"column":3}},{"start":{},"end":{}}],"line":90},"8":{"loc":{"start":{"line":114,"column":2},"end":{"line":114,"column":20}},"type":"if","locations":[{"start":{"line":114,"column":2},"end":{"line":114,"column":20}},{"start":{},"end":{}}],"line":114},"9":{"loc":{"start":{"line":139,"column":2},"end":{"line":139,"column":82}},"type":"if","locations":[{"start":{"line":139,"column":2},"end":{"line":139,"column":82}},{"start":{},"end":{}}],"line":139},"10":{"loc":{"start":{"line":142,"column":2},"end":{"line":142,"column":55}},"type":"if","locations":[{"start":{"line":142,"column":2},"end":{"line":142,"column":55}},{"start":{},"end":{}}],"line":142},"11":{"loc":{"start":{"line":176,"column":2},"end":{"line":176,"column":80}},"type":"if","locations":[{"start":{"line":176,"column":2},"end":{"line":176,"column":80}},{"start":{},"end":{}}],"line":176}},"s":{"0":9,"1":9,"2":9,"3":9,"4":9,"5":9,"6":9,"7":7,"8":9,"9":3,"10":9,"11":3,"12":9,"13":3,"14":3,"15":0,"16":3,"17":3,"18":3,"19":3,"20":9,"21":3,"22":9,"23":2,"24":2,"25":1,"26":1,"27":1,"28":1,"29":1,"30":1,"31":1,"32":9,"33":4,"34":4,"35":2,"36":2,"37":1,"38":1,"39":1,"40":1,"41":1,"42":1,"43":9,"44":1,"45":1,"46":1,"47":0,"48":1,"49":1,"50":0,"51":0,"52":1,"53":1,"54":0,"55":0,"56":1,"57":1,"58":1,"59":1,"60":1,"61":9,"62":0,"63":9,"64":0,"65":0,"66":0,"67":0,"68":0,"69":0,"70":0,"71":0,"72":0,"73":9,"74":1,"75":1,"76":1,"77":0,"78":1,"79":1,"80":0,"81":1,"82":1,"83":1,"84":1,"85":9,"86":1,"87":1,"88":1,"89":1,"90":1,"91":9,"92":1,"93":1,"94":1,"95":0,"96":1,"97":1,"98":9},"f":{"0":7,"1":3,"2":3,"3":3,"4":3,"5":2,"6":0,"7":4,"8":1,"9":0,"10":0,"11":1,"12":1,"13":1},"b":{"0":[0,3],"1":[3,0],"2":[1,1],"3":[2,2],"4":[4,3],"5":[1,1],"6":[0,1],"7":[0,1],"8":[0,0],"9":[0,1],"10":[0,1],"11":[0,1]},"_coverageSchema":"1a1c01bbd47fc00a2c39e90264f33305004495a9","hash":"c49a2e7c5ed57a4aec5cfe29d215e5d757b0c039"}
,"F:\\APImanhwamanhuamanga\\src\\modules\\comment\\comment.service.js": {"path":"F:\\APImanhwamanhuamanga\\src\\modules\\comment\\comment.service.js","statementMap":{"0":{"start":{"line":3,"column":20},"end":{"line":3,"column":68}},"1":{"start":{"line":4,"column":20},"end":{"line":4,"column":59}},"2":{"start":{"line":5,"column":35},"end":{"line":5,"column":73}},"3":{"start":{"line":6,"column":14},"end":{"line":6,"column":49}},"4":{"start":{"line":8,"column":41},"end":{"line":13,"column":1}},"5":{"start":{"line":9,"column":2},"end":{"line":12,"column":5}},"6":{"start":{"line":15,"column":20},"end":{"line":26,"column":1}},"7":{"start":{"line":16,"column":18},"end":{"line":23,"column":4}},"8":{"start":{"line":24,"column":2},"end":{"line":24,"column":49}},"9":{"start":{"line":25,"column":2},"end":{"line":25,"column":17}},"10":{"start":{"line":28,"column":28},"end":{"line":35,"column":1}},"11":{"start":{"line":29,"column":54},"end":{"line":29,"column":75}},"12":{"start":{"line":30,"column":28},"end":{"line":33,"column":4}},"13":{"start":{"line":34,"column":2},"end":{"line":34,"column":71}},"14":{"start":{"line":37,"column":19},"end":{"line":40,"column":1}},"15":{"start":{"line":38,"column":35},"end":{"line":38,"column":67}},"16":{"start":{"line":39,"column":2},"end":{"line":39,"column":69}},"17":{"start":{"line":42,"column":22},"end":{"line":51,"column":1}},"18":{"start":{"line":43,"column":18},"end":{"line":43,"column":55}},"19":{"start":{"line":44,"column":2},"end":{"line":44,"column":61}},"20":{"start":{"line":44,"column":16},"end":{"line":44,"column":61}},"21":{"start":{"line":45,"column":2},"end":{"line":47,"column":3}},"22":{"start":{"line":46,"column":4},"end":{"line":46,"column":69}},"23":{"start":{"line":48,"column":18},"end":{"line":48,"column":57}},"24":{"start":{"line":49,"column":2},"end":{"line":49,"column":63}},"25":{"start":{"line":50,"column":2},"end":{"line":50,"column":17}},"26":{"start":{"line":53,"column":19},"end":{"line":57,"column":1}},"27":{"start":{"line":54,"column":17},"end":{"line":54,"column":64}},"28":{"start":{"line":55,"column":2},"end":{"line":55,"column":60}},"29":{"start":{"line":55,"column":15},"end":{"line":55,"column":60}},"30":{"start":{"line":56,"column":2},"end":{"line":56,"column":16}},"31":{"start":{"line":59,"column":0},"end":{"line":59,"column":93}}},"fnMap":{"0":{"name":"(anonymous_0)","decl":{"start":{"line":8,"column":41},"end":{"line":8,"column":42}},"loc":{"start":{"line":8,"column":59},"end":{"line":13,"column":1}},"line":8},"1":{"name":"(anonymous_1)","decl":{"start":{"line":15,"column":20},"end":{"line":15,"column":21}},"loc":{"start":{"line":15,"column":97},"end":{"line":26,"column":1}},"line":15},"2":{"name":"(anonymous_2)","decl":{"start":{"line":28,"column":28},"end":{"line":28,"column":29}},"loc":{"start":{"line":28,"column":65},"end":{"line":35,"column":1}},"line":28},"3":{"name":"(anonymous_3)","decl":{"start":{"line":37,"column":19},"end":{"line":37,"column":20}},"loc":{"start":{"line":37,"column":55},"end":{"line":40,"column":1}},"line":37},"4":{"name":"(anonymous_4)","decl":{"start":{"line":42,"column":22},"end":{"line":42,"column":23}},"loc":{"start":{"line":42,"column":61},"end":{"line":51,"column":1}},"line":42},"5":{"name":"(anonymous_5)","decl":{"start":{"line":53,"column":19},"end":{"line":53,"column":20}},"loc":{"start":{"line":53,"column":48},"end":{"line":57,"column":1}},"line":53}},"branchMap":{"0":{"loc":{"start":{"line":19,"column":19},"end":{"line":19,"column":36}},"type":"binary-expr","locations":[{"start":{"line":19,"column":19},"end":{"line":19,"column":28}},{"start":{"line":19,"column":32},"end":{"line":19,"column":36}}],"line":19},"1":{"loc":{"start":{"line":20,"column":19},"end":{"line":20,"column":36}},"type":"binary-expr","locations":[{"start":{"line":20,"column":19},"end":{"line":20,"column":28}},{"start":{"line":20,"column":32},"end":{"line":20,"column":36}}],"line":20},"2":{"loc":{"start":{"line":21,"column":19},"end":{"line":21,"column":42}},"type":"binary-expr","locations":[{"start":{"line":21,"column":19},"end":{"line":21,"column":34}},{"start":{"line":21,"column":38},"end":{"line":21,"column":42}}],"line":21},"3":{"loc":{"start":{"line":37,"column":30},"end":{"line":37,"column":50}},"type":"default-arg","locations":[{"start":{"line":37,"column":48},"end":{"line":37,"column":50}}],"line":37},"4":{"loc":{"start":{"line":38,"column":44},"end":{"line":38,"column":53}},"type":"binary-expr","locations":[{"start":{"line":38,"column":44},"end":{"line":38,"column":48}},{"start":{"line":38,"column":52},"end":{"line":38,"column":53}}],"line":38},"5":{"loc":{"start":{"line":38,"column":55},"end":{"line":38,"column":66}},"type":"binary-expr","locations":[{"start":{"line":38,"column":55},"end":{"line":38,"column":60}},{"start":{"line":38,"column":64},"end":{"line":38,"column":66}}],"line":38},"6":{"loc":{"start":{"line":44,"column":2},"end":{"line":44,"column":61}},"type":"if","locations":[{"start":{"line":44,"column":2},"end":{"line":44,"column":61}},{"start":{},"end":{}}],"line":44},"7":{"loc":{"start":{"line":45,"column":2},"end":{"line":47,"column":3}},"type":"if","locations":[{"start":{"line":45,"column":2},"end":{"line":47,"column":3}},{"start":{},"end":{}}],"line":45},"8":{"loc":{"start":{"line":45,"column":6},"end":{"line":45,"column":58}},"type":"binary-expr","locations":[{"start":{"line":45,"column":6},"end":{"line":45,"column":26}},{"start":{"line":45,"column":30},"end":{"line":45,"column":58}}],"line":45},"9":{"loc":{"start":{"line":55,"column":2},"end":{"line":55,"column":60}},"type":"if","locations":[{"start":{"line":55,"column":2},"end":{"line":55,"column":60}},{"start":{},"end":{}}],"line":55}},"s":{"0":8,"1":8,"2":8,"3":8,"4":8,"5":1,"6":8,"7":1,"8":1,"9":1,"10":8,"11":1,"12":1,"13":1,"14":8,"15":0,"16":0,"17":8,"18":1,"19":1,"20":0,"21":1,"22":1,"23":0,"24":0,"25":0,"26":8,"27":1,"28":1,"29":1,"30":0,"31":8},"f":{"0":1,"1":1,"2":1,"3":0,"4":1,"5":1},"b":{"0":[1,0],"1":[1,1],"2":[1,1],"3":[0],"4":[0,0],"5":[0,0],"6":[0,1],"7":[1,0],"8":[1,1],"9":[1,0]},"_coverageSchema":"1a1c01bbd47fc00a2c39e90264f33305004495a9","hash":"2753ef8d49f1bee9037f00e555dd740785330a88"}
,"F:\\APImanhwamanhuamanga\\src\\modules\\episode\\episode.service.js": {"path":"F:\\APImanhwamanhuamanga\\src\\modules\\episode\\episode.service.js","statementMap":{"0":{"start":{"line":1,"column":20},"end":{"line":1,"column":68}},"1":{"start":{"line":2,"column":20},"end":{"line":2,"column":67}},"2":{"start":{"line":3,"column":20},"end":{"line":3,"column":66}},"3":{"start":{"line":4,"column":20},"end":{"line":4,"column":59}},"4":{"start":{"line":5,"column":35},"end":{"line":5,"column":73}},"5":{"start":{"line":7,"column":24},"end":{"line":7,"column":60}},"6":{"start":{"line":9,"column":30},"end":{"line":16,"column":1}},"7":{"start":{"line":10,"column":17},"end":{"line":10,"column":51}},"8":{"start":{"line":11,"column":2},"end":{"line":11,"column":59}},"9":{"start":{"line":11,"column":15},"end":{"line":11,"column":59}},"10":{"start":{"line":12,"column":2},"end":{"line":14,"column":3}},"11":{"start":{"line":13,"column":4},"end":{"line":13,"column":134}},"12":{"start":{"line":15,"column":2},"end":{"line":15,"column":16}},"13":{"start":{"line":18,"column":22},"end":{"line":47,"column":1}},"14":{"start":{"line":19,"column":42},"end":{"line":19,"column":46}},"15":{"start":{"line":20,"column":2},"end":{"line":20,"column":40}},"16":{"start":{"line":23,"column":2},"end":{"line":29,"column":3}},"17":{"start":{"line":24,"column":19},"end":{"line":24,"column":54}},"18":{"start":{"line":25,"column":4},"end":{"line":25,"column":61}},"19":{"start":{"line":25,"column":17},"end":{"line":25,"column":61}},"20":{"start":{"line":26,"column":4},"end":{"line":28,"column":5}},"21":{"start":{"line":27,"column":6},"end":{"line":27,"column":71}},"22":{"start":{"line":32,"column":19},"end":{"line":32,"column":101}},"23":{"start":{"line":33,"column":2},"end":{"line":33,"column":104}},"24":{"start":{"line":33,"column":16},"end":{"line":33,"column":104}},"25":{"start":{"line":35,"column":18},"end":{"line":39,"column":4}},"26":{"start":{"line":42,"column":2},"end":{"line":44,"column":3}},"27":{"start":{"line":43,"column":4},"end":{"line":43,"column":56}},"28":{"start":{"line":46,"column":2},"end":{"line":46,"column":17}},"29":{"start":{"line":49,"column":28},"end":{"line":60,"column":1}},"30":{"start":{"line":50,"column":2},"end":{"line":50,"column":40}},"31":{"start":{"line":51,"column":36},"end":{"line":51,"column":41}},"32":{"start":{"line":52,"column":54},"end":{"line":52,"column":75}},"33":{"start":{"line":54,"column":28},"end":{"line":57,"column":4}},"34":{"start":{"line":59,"column":2},"end":{"line":59,"column":71}},"35":{"start":{"line":62,"column":23},"end":{"line":68,"column":1}},"36":{"start":{"line":63,"column":18},"end":{"line":63,"column":48}},"37":{"start":{"line":64,"column":2},"end":{"line":64,"column":61}},"38":{"start":{"line":64,"column":16},"end":{"line":64,"column":61}},"39":{"start":{"line":66,"column":2},"end":{"line":66,"column":39}},"40":{"start":{"line":67,"column":2},"end":{"line":67,"column":17}},"41":{"start":{"line":70,"column":22},"end":{"line":74,"column":1}},"42":{"start":{"line":71,"column":18},"end":{"line":71,"column":56}},"43":{"start":{"line":72,"column":2},"end":{"line":72,"column":61}},"44":{"start":{"line":72,"column":16},"end":{"line":72,"column":61}},"45":{"start":{"line":73,"column":2},"end":{"line":73,"column":17}},"46":{"start":{"line":76,"column":22},"end":{"line":88,"column":1}},"47":{"start":{"line":77,"column":18},"end":{"line":77,"column":48}},"48":{"start":{"line":78,"column":2},"end":{"line":78,"column":61}},"49":{"start":{"line":78,"column":16},"end":{"line":78,"column":61}},"50":{"start":{"line":80,"column":2},"end":{"line":80,"column":35}},"51":{"start":{"line":83,"column":2},"end":{"line":85,"column":3}},"52":{"start":{"line":84,"column":4},"end":{"line":84,"column":63}},"53":{"start":{"line":87,"column":2},"end":{"line":87,"column":17}},"54":{"start":{"line":90,"column":0},"end":{"line":96,"column":2}}},"fnMap":{"0":{"name":"(anonymous_0)","decl":{"start":{"line":9,"column":30},"end":{"line":9,"column":31}},"loc":{"start":{"line":9,"column":50},"end":{"line":16,"column":1}},"line":9},"1":{"name":"(anonymous_1)","decl":{"start":{"line":18,"column":22},"end":{"line":18,"column":23}},"loc":{"start":{"line":18,"column":38},"end":{"line":47,"column":1}},"line":18},"2":{"name":"(anonymous_2)","decl":{"start":{"line":49,"column":28},"end":{"line":49,"column":29}},"loc":{"start":{"line":49,"column":55},"end":{"line":60,"column":1}},"line":49},"3":{"name":"(anonymous_3)","decl":{"start":{"line":62,"column":23},"end":{"line":62,"column":24}},"loc":{"start":{"line":62,"column":37},"end":{"line":68,"column":1}},"line":62},"4":{"name":"(anonymous_4)","decl":{"start":{"line":70,"column":22},"end":{"line":70,"column":23}},"loc":{"start":{"line":70,"column":42},"end":{"line":74,"column":1}},"line":70},"5":{"name":"(anonymous_5)","decl":{"start":{"line":76,"column":22},"end":{"line":76,"column":23}},"loc":{"start":{"line":76,"column":36},"end":{"line":88,"column":1}},"line":76}},"branchMap":{"0":{"loc":{"start":{"line":11,"column":2},"end":{"line":11,"column":59}},"type":"if","locations":[{"start":{"line":11,"column":2},"end":{"line":11,"column":59}},{"start":{},"end":{}}],"line":11},"1":{"loc":{"start":{"line":12,"column":2},"end":{"line":14,"column":3}},"type":"if","locations":[{"start":{"line":12,"column":2},"end":{"line":14,"column":3}},{"start":{},"end":{}}],"line":12},"2":{"loc":{"start":{"line":23,"column":2},"end":{"line":29,"column":3}},"type":"if","locations":[{"start":{"line":23,"column":2},"end":{"line":29,"column":3}},{"start":{},"end":{}}],"line":23},"3":{"loc":{"start":{"line":25,"column":4},"end":{"line":25,"column":61}},"type":"if","locations":[{"start":{"line":25,"column":4},"end":{"line":25,"column":61}},{"start":{},"end":{}}],"line":25},"4":{"loc":{"start":{"line":26,"column":4},"end":{"line":28,"column":5}},"type":"if","locations":[{"start":{"line":26,"column":4},"end":{"line":28,"column":5}},{"start":{},"end":{}}],"line":26},"5":{"loc":{"start":{"line":33,"column":2},"end":{"line":33,"column":104}},"type":"if","locations":[{"start":{"line":33,"column":2},"end":{"line":33,"column":104}},{"start":{},"end":{}}],"line":33},"6":{"loc":{"start":{"line":37,"column":12},"end":{"line":37,"column":28}},"type":"binary-expr","locations":[{"start":{"line":37,"column":12},"end":{"line":37,"column":20}},{"start":{"line":37,"column":24},"end":{"line":37,"column":28}}],"line":37},"7":{"loc":{"start":{"line":42,"column":2},"end":{"line":44,"column":3}},"type":"if","locations":[{"start":{"line":42,"column":2},"end":{"line":44,"column":3}},{"start":{},"end":{}}],"line":42},"8":{"loc":{"start":{"line":64,"column":2},"end":{"line":64,"column":61}},"type":"if","locations":[{"start":{"line":64,"column":2},"end":{"line":64,"column":61}},{"start":{},"end":{}}],"line":64},"9":{"loc":{"start":{"line":72,"column":2},"end":{"line":72,"column":61}},"type":"if","locations":[{"start":{"line":72,"column":2},"end":{"line":72,"column":61}},{"start":{},"end":{}}],"line":72},"10":{"loc":{"start":{"line":78,"column":2},"end":{"line":78,"column":61}},"type":"if","locations":[{"start":{"line":78,"column":2},"end":{"line":78,"column":61}},{"start":{},"end":{}}],"line":78},"11":{"loc":{"start":{"line":83,"column":2},"end":{"line":85,"column":3}},"type":"if","locations":[{"start":{"line":83,"column":2},"end":{"line":85,"column":3}},{"start":{},"end":{}}],"line":83}},"s":{"0":8,"1":8,"2":8,"3":8,"4":8,"5":8,"6":8,"7":3,"8":3,"9":1,"10":2,"11":0,"12":2,"13":8,"14":3,"15":3,"16":2,"17":2,"18":2,"19":0,"20":2,"21":1,"22":1,"23":1,"24":0,"25":1,"26":1,"27":1,"28":1,"29":8,"30":0,"31":0,"32":0,"33":0,"34":0,"35":8,"36":1,"37":1,"38":0,"39":1,"40":1,"41":8,"42":0,"43":0,"44":0,"45":0,"46":8,"47":1,"48":1,"49":0,"50":1,"51":1,"52":1,"53":1,"54":8},"f":{"0":3,"1":3,"2":0,"3":1,"4":0,"5":1},"b":{"0":[1,2],"1":[0,2],"2":[2,0],"3":[0,2],"4":[1,1],"5":[0,1],"6":[1,0],"7":[1,0],"8":[0,1],"9":[0,0],"10":[0,1],"11":[1,0]},"_coverageSchema":"1a1c01bbd47fc00a2c39e90264f33305004495a9","hash":"4bd3e537fdd9db1b0381b69364568a9f2520cca7"}
,"F:\\APImanhwamanhuamanga\\src\\modules\\history\\history.service.js": {"path":"F:\\APImanhwamanhuamanga\\src\\modules\\history\\history.service.js","statementMap":{"0":{"start":{"line":1,"column":36},"end":{"line":1,"column":59}},"1":{"start":{"line":2,"column":20},"end":{"line":2,"column":68}},"2":{"start":{"line":3,"column":20},"end":{"line":3,"column":59}},"3":{"start":{"line":4,"column":35},"end":{"line":4,"column":73}},"4":{"start":{"line":6,"column":19},"end":{"line":24,"column":1}},"5":{"start":{"line":7,"column":35},"end":{"line":7,"column":42}},"6":{"start":{"line":9,"column":16},"end":{"line":9,"column":52}},"7":{"start":{"line":10,"column":2},"end":{"line":10,"column":58}},"8":{"start":{"line":10,"column":14},"end":{"line":10,"column":58}},"9":{"start":{"line":12,"column":2},"end":{"line":17,"column":3}},"10":{"start":{"line":13,"column":26},"end":{"line":13,"column":33}},"11":{"start":{"line":14,"column":20},"end":{"line":14,"column":60}},"12":{"start":{"line":15,"column":4},"end":{"line":15,"column":63}},"13":{"start":{"line":15,"column":18},"end":{"line":15,"column":63}},"14":{"start":{"line":16,"column":4},"end":{"line":16,"column":75}},"15":{"start":{"line":20,"column":39},"end":{"line":20,"column":46}},"16":{"start":{"line":21,"column":18},"end":{"line":21,"column":58}},"17":{"start":{"line":22,"column":2},"end":{"line":22,"column":61}},"18":{"start":{"line":22,"column":16},"end":{"line":22,"column":61}},"19":{"start":{"line":23,"column":2},"end":{"line":23,"column":88}},"20":{"start":{"line":26,"column":19},"end":{"line":39,"column":1}},"21":{"start":{"line":27,"column":39},"end":{"line":27,"column":44}},"22":{"start":{"line":28,"column":54},"end":{"line":28,"column":75}},"23":{"start":{"line":30,"column":17},"end":{"line":30,"column":33}},"24":{"start":{"line":31,"column":2},"end":{"line":31,"column":52}},"25":{"start":{"line":31,"column":19},"end":{"line":31,"column":52}},"26":{"start":{"line":33,"column":27},"end":{"line":36,"column":4}},"27":{"start":{"line":38,"column":2},"end":{"line":38,"column":70}},"28":{"start":{"line":41,"column":0},"end":{"line":41,"column":44}}},"fnMap":{"0":{"name":"(anonymous_0)","decl":{"start":{"line":6,"column":19},"end":{"line":6,"column":20}},"loc":{"start":{"line":6,"column":46},"end":{"line":24,"column":1}},"line":6},"1":{"name":"(anonymous_1)","decl":{"start":{"line":26,"column":19},"end":{"line":26,"column":20}},"loc":{"start":{"line":26,"column":44},"end":{"line":39,"column":1}},"line":26}},"branchMap":{"0":{"loc":{"start":{"line":10,"column":2},"end":{"line":10,"column":58}},"type":"if","locations":[{"start":{"line":10,"column":2},"end":{"line":10,"column":58}},{"start":{},"end":{}}],"line":10},"1":{"loc":{"start":{"line":12,"column":2},"end":{"line":17,"column":3}},"type":"if","locations":[{"start":{"line":12,"column":2},"end":{"line":17,"column":3}},{"start":{},"end":{}}],"line":12},"2":{"loc":{"start":{"line":15,"column":4},"end":{"line":15,"column":63}},"type":"if","locations":[{"start":{"line":15,"column":4},"end":{"line":15,"column":63}},{"start":{},"end":{}}],"line":15},"3":{"loc":{"start":{"line":22,"column":2},"end":{"line":22,"column":61}},"type":"if","locations":[{"start":{"line":22,"column":2},"end":{"line":22,"column":61}},{"start":{},"end":{}}],"line":22},"4":{"loc":{"start":{"line":31,"column":2},"end":{"line":31,"column":52}},"type":"if","locations":[{"start":{"line":31,"column":2},"end":{"line":31,"column":52}},{"start":{},"end":{}}],"line":31}},"s":{"0":8,"1":8,"2":8,"3":8,"4":8,"5":2,"6":2,"7":2,"8":0,"9":2,"10":1,"11":1,"12":1,"13":0,"14":1,"15":1,"16":1,"17":1,"18":0,"19":1,"20":8,"21":1,"22":1,"23":1,"24":1,"25":1,"26":1,"27":1,"28":8},"f":{"0":2,"1":1},"b":{"0":[0,2],"1":[1,1],"2":[0,1],"3":[0,1],"4":[1,0]},"_coverageSchema":"1a1c01bbd47fc00a2c39e90264f33305004495a9","hash":"6abd0a8b921d517fe60a9b2d5775ab90000b9a92"}
,"F:\\APImanhwamanhuamanga\\src\\modules\\manga\\manga.service.js": {"path":"F:\\APImanhwamanhuamanga\\src\\modules\\manga\\manga.service.js","statementMap":{"0":{"start":{"line":1,"column":19},"end":{"line":1,"column":65}},"1":{"start":{"line":2,"column":19},"end":{"line":2,"column":66}},"2":{"start":{"line":3,"column":19},"end":{"line":3,"column":58}},"3":{"start":{"line":4,"column":33},"end":{"line":4,"column":73}},"4":{"start":{"line":5,"column":35},"end":{"line":5,"column":73}},"5":{"start":{"line":6,"column":64},"end":{"line":6,"column":87}},"6":{"start":{"line":7,"column":37},"end":{"line":7,"column":76}},"7":{"start":{"line":9,"column":36},"end":{"line":11,"column":1}},"8":{"start":{"line":10,"column":2},"end":{"line":10,"column":52}},"9":{"start":{"line":10,"column":41},"end":{"line":10,"column":50}},"10":{"start":{"line":13,"column":20},"end":{"line":18,"column":1}},"11":{"start":{"line":14,"column":26},"end":{"line":14,"column":57}},"12":{"start":{"line":15,"column":16},"end":{"line":15,"column":87}},"13":{"start":{"line":16,"column":2},"end":{"line":16,"column":32}},"14":{"start":{"line":17,"column":2},"end":{"line":17,"column":15}},"15":{"start":{"line":20,"column":21},"end":{"line":39,"column":1}},"16":{"start":{"line":21,"column":87},"end":{"line":21,"column":92}},"17":{"start":{"line":22,"column":54},"end":{"line":22,"column":75}},"18":{"start":{"line":24,"column":17},"end":{"line":24,"column":19}},"19":{"start":{"line":25,"column":2},"end":{"line":25,"column":69}},"20":{"start":{"line":25,"column":23},"end":{"line":25,"column":69}},"21":{"start":{"line":26,"column":2},"end":{"line":26,"column":66}},"22":{"start":{"line":26,"column":23},"end":{"line":26,"column":66}},"23":{"start":{"line":27,"column":2},"end":{"line":27,"column":54}},"24":{"start":{"line":27,"column":23},"end":{"line":27,"column":54}},"25":{"start":{"line":28,"column":2},"end":{"line":28,"column":65}},"26":{"start":{"line":28,"column":23},"end":{"line":28,"column":65}},"27":{"start":{"line":29,"column":2},"end":{"line":29,"column":56}},"28":{"start":{"line":29,"column":23},"end":{"line":29,"column":56}},"29":{"start":{"line":31,"column":15},"end":{"line":31,"column":68}},"30":{"start":{"line":33,"column":26},"end":{"line":36,"column":4}},"31":{"start":{"line":38,"column":2},"end":{"line":38,"column":69}},"32":{"start":{"line":41,"column":23},"end":{"line":45,"column":1}},"33":{"start":{"line":42,"column":16},"end":{"line":42,"column":48}},"34":{"start":{"line":43,"column":2},"end":{"line":43,"column":58}},"35":{"start":{"line":43,"column":14},"end":{"line":43,"column":58}},"36":{"start":{"line":44,"column":2},"end":{"line":44,"column":15}},"37":{"start":{"line":47,"column":20},"end":{"line":56,"column":1}},"38":{"start":{"line":49,"column":2},"end":{"line":51,"column":3}},"39":{"start":{"line":50,"column":4},"end":{"line":50,"column":59}},"40":{"start":{"line":52,"column":16},"end":{"line":52,"column":52}},"41":{"start":{"line":53,"column":2},"end":{"line":53,"column":58}},"42":{"start":{"line":53,"column":14},"end":{"line":53,"column":58}},"43":{"start":{"line":54,"column":2},"end":{"line":54,"column":32}},"44":{"start":{"line":55,"column":2},"end":{"line":55,"column":15}},"45":{"start":{"line":58,"column":20},"end":{"line":75,"column":1}},"46":{"start":{"line":59,"column":16},"end":{"line":59,"column":46}},"47":{"start":{"line":60,"column":2},"end":{"line":60,"column":58}},"48":{"start":{"line":60,"column":14},"end":{"line":60,"column":58}},"49":{"start":{"line":63,"column":2},"end":{"line":70,"column":5}},"50":{"start":{"line":72,"column":2},"end":{"line":72,"column":32}},"51":{"start":{"line":74,"column":2},"end":{"line":74,"column":15}},"52":{"start":{"line":77,"column":20},"end":{"line":83,"column":1}},"53":{"start":{"line":78,"column":16},"end":{"line":78,"column":50}},"54":{"start":{"line":79,"column":2},"end":{"line":79,"column":58}},"55":{"start":{"line":79,"column":14},"end":{"line":79,"column":58}},"56":{"start":{"line":80,"column":17},"end":{"line":80,"column":72}},"57":{"start":{"line":81,"column":2},"end":{"line":81,"column":32}},"58":{"start":{"line":82,"column":2},"end":{"line":82,"column":16}},"59":{"start":{"line":85,"column":27},"end":{"line":121,"column":1}},"60":{"start":{"line":86,"column":16},"end":{"line":86,"column":50}},"61":{"start":{"line":87,"column":2},"end":{"line":87,"column":58}},"62":{"start":{"line":87,"column":14},"end":{"line":87,"column":58}},"63":{"start":{"line":90,"column":18},"end":{"line":99,"column":4}},"64":{"start":{"line":102,"column":2},"end":{"line":118,"column":3}},"65":{"start":{"line":103,"column":20},"end":{"line":112,"column":6}},"66":{"start":{"line":113,"column":16},"end":{"line":113,"column":61}},"67":{"start":{"line":113,"column":43},"end":{"line":113,"column":59}},"68":{"start":{"line":114,"column":4},"end":{"line":117,"column":5}},"69":{"start":{"line":115,"column":6},"end":{"line":115,"column":54}},"70":{"start":{"line":115,"column":38},"end":{"line":115,"column":54}},"71":{"start":{"line":116,"column":6},"end":{"line":116,"column":38}},"72":{"start":{"line":116,"column":32},"end":{"line":116,"column":38}},"73":{"start":{"line":120,"column":2},"end":{"line":120,"column":30}},"74":{"start":{"line":123,"column":0},"end":{"line":123,"column":122}}},"fnMap":{"0":{"name":"(anonymous_0)","decl":{"start":{"line":9,"column":36},"end":{"line":9,"column":37}},"loc":{"start":{"line":9,"column":42},"end":{"line":11,"column":1}},"line":9},"1":{"name":"(anonymous_1)","decl":{"start":{"line":10,"column":35},"end":{"line":10,"column":36}},"loc":{"start":{"line":10,"column":41},"end":{"line":10,"column":50}},"line":10},"2":{"name":"(anonymous_2)","decl":{"start":{"line":13,"column":20},"end":{"line":13,"column":21}},"loc":{"start":{"line":13,"column":44},"end":{"line":18,"column":1}},"line":13},"3":{"name":"(anonymous_3)","decl":{"start":{"line":20,"column":21},"end":{"line":20,"column":22}},"loc":{"start":{"line":20,"column":38},"end":{"line":39,"column":1}},"line":20},"4":{"name":"(anonymous_4)","decl":{"start":{"line":41,"column":23},"end":{"line":41,"column":24}},"loc":{"start":{"line":41,"column":39},"end":{"line":45,"column":1}},"line":41},"5":{"name":"(anonymous_5)","decl":{"start":{"line":47,"column":20},"end":{"line":47,"column":21}},"loc":{"start":{"line":47,"column":40},"end":{"line":56,"column":1}},"line":47},"6":{"name":"(anonymous_6)","decl":{"start":{"line":58,"column":20},"end":{"line":58,"column":21}},"loc":{"start":{"line":58,"column":34},"end":{"line":75,"column":1}},"line":58},"7":{"name":"(anonymous_7)","decl":{"start":{"line":77,"column":20},"end":{"line":77,"column":21}},"loc":{"start":{"line":77,"column":55},"end":{"line":83,"column":1}},"line":77},"8":{"name":"(anonymous_8)","decl":{"start":{"line":85,"column":27},"end":{"line":85,"column":28}},"loc":{"start":{"line":85,"column":47},"end":{"line":121,"column":1}},"line":85},"9":{"name":"(anonymous_9)","decl":{"start":{"line":113,"column":36},"end":{"line":113,"column":37}},"loc":{"start":{"line":113,"column":43},"end":{"line":113,"column":59}},"line":113}},"branchMap":{"0":{"loc":{"start":{"line":25,"column":2},"end":{"line":25,"column":69}},"type":"if","locations":[{"start":{"line":25,"column":2},"end":{"line":25,"column":69}},{"start":{},"end":{}}],"line":25},"1":{"loc":{"start":{"line":26,"column":2},"end":{"line":26,"column":66}},"type":"if","locations":[{"start":{"line":26,"column":2},"end":{"line":26,"column":66}},{"start":{},"end":{}}],"line":26},"2":{"loc":{"start":{"line":27,"column":2},"end":{"line":27,"column":54}},"type":"if","locations":[{"start":{"line":27,"column":2},"end":{"line":27,"column":54}},{"start":{},"end":{}}],"line":27},"3":{"loc":{"start":{"line":28,"column":2},"end":{"line":28,"column":65}},"type":"if","locations":[{"start":{"line":28,"column":2},"end":{"line":28,"column":65}},{"start":{},"end":{}}],"line":28},"4":{"loc":{"start":{"line":29,"column":2},"end":{"line":29,"column":56}},"type":"if","locations":[{"start":{"line":29,"column":2},"end":{"line":29,"column":56}},{"start":{},"end":{}}],"line":29},"5":{"loc":{"start":{"line":31,"column":18},"end":{"line":31,"column":39}},"type":"binary-expr","locations":[{"start":{"line":31,"column":18},"end":{"line":31,"column":24}},{"start":{"line":31,"column":28},"end":{"line":31,"column":39}}],"line":31},"6":{"loc":{"start":{"line":31,"column":42},"end":{"line":31,"column":66}},"type":"cond-expr","locations":[{"start":{"line":31,"column":60},"end":{"line":31,"column":61}},{"start":{"line":31,"column":64},"end":{"line":31,"column":66}}],"line":31},"7":{"loc":{"start":{"line":43,"column":2},"end":{"line":43,"column":58}},"type":"if","locations":[{"start":{"line":43,"column":2},"end":{"line":43,"column":58}},{"start":{},"end":{}}],"line":43},"8":{"loc":{"start":{"line":49,"column":2},"end":{"line":51,"column":3}},"type":"if","locations":[{"start":{"line":49,"column":2},"end":{"line":51,"column":3}},{"start":{},"end":{}}],"line":49},"9":{"loc":{"start":{"line":53,"column":2},"end":{"line":53,"column":58}},"type":"if","locations":[{"start":{"line":53,"column":2},"end":{"line":53,"column":58}},{"start":{},"end":{}}],"line":53},"10":{"loc":{"start":{"line":60,"column":2},"end":{"line":60,"column":58}},"type":"if","locations":[{"start":{"line":60,"column":2},"end":{"line":60,"column":58}},{"start":{},"end":{}}],"line":60},"11":{"loc":{"start":{"line":79,"column":2},"end":{"line":79,"column":58}},"type":"if","locations":[{"start":{"line":79,"column":2},"end":{"line":79,"column":58}},{"start":{},"end":{}}],"line":79},"12":{"loc":{"start":{"line":87,"column":2},"end":{"line":87,"column":58}},"type":"if","locations":[{"start":{"line":87,"column":2},"end":{"line":87,"column":58}},{"start":{},"end":{}}],"line":87},"13":{"loc":{"start":{"line":102,"column":2},"end":{"line":118,"column":3}},"type":"if","locations":[{"start":{"line":102,"column":2},"end":{"line":118,"column":3}},{"start":{},"end":{}}],"line":102},"14":{"loc":{"start":{"line":115,"column":6},"end":{"line":115,"column":54}},"type":"if","locations":[{"start":{"line":115,"column":6},"end":{"line":115,"column":54}},{"start":{},"end":{}}],"line":115},"15":{"loc":{"start":{"line":116,"column":6},"end":{"line":116,"column":38}},"type":"if","locations":[{"start":{"line":116,"column":6},"end":{"line":116,"column":38}},{"start":{},"end":{}}],"line":116}},"s":{"0":9,"1":9,"2":9,"3":9,"4":9,"5":9,"6":9,"7":9,"8":5,"9":0,"10":9,"11":2,"12":2,"13":2,"14":2,"15":9,"16":1,"17":1,"18":1,"19":1,"20":1,"21":1,"22":1,"23":1,"24":1,"25":1,"26":1,"27":1,"28":1,"29":1,"30":1,"31":1,"32":9,"33":2,"34":2,"35":1,"36":1,"37":9,"38":2,"39":1,"40":2,"41":2,"42":1,"43":1,"44":1,"45":9,"46":1,"47":1,"48":0,"49":1,"50":1,"51":1,"52":9,"53":2,"54":2,"55":1,"56":1,"57":1,"58":1,"59":9,"60":1,"61":1,"62":0,"63":1,"64":1,"65":1,"66":1,"67":1,"68":1,"69":2,"70":1,"71":2,"72":0,"73":1,"74":9},"f":{"0":5,"1":0,"2":2,"3":1,"4":2,"5":2,"6":1,"7":2,"8":1,"9":1},"b":{"0":[1,0],"1":[1,0],"2":[1,0],"3":[1,0],"4":[1,0],"5":[1,0],"6":[0,1],"7":[1,1],"8":[1,1],"9":[1,1],"10":[0,1],"11":[1,1],"12":[0,1],"13":[1,0],"14":[1,1],"15":[0,2]},"_coverageSchema":"1a1c01bbd47fc00a2c39e90264f33305004495a9","hash":"2226d3b4bb99a9c376ff785188ea2dea29ebeedc"}
,"F:\\APImanhwamanhuamanga\\src\\modules\\review\\review.service.js": {"path":"F:\\APImanhwamanhuamanga\\src\\modules\\review\\review.service.js","statementMap":{"0":{"start":{"line":3,"column":19},"end":{"line":3,"column":66}},"1":{"start":{"line":4,"column":19},"end":{"line":4,"column":58}},"2":{"start":{"line":5,"column":35},"end":{"line":5,"column":73}},"3":{"start":{"line":6,"column":14},"end":{"line":6,"column":49}},"4":{"start":{"line":8,"column":40},"end":{"line":13,"column":1}},"5":{"start":{"line":9,"column":2},"end":{"line":12,"column":5}},"6":{"start":{"line":15,"column":21},"end":{"line":21,"column":1}},"7":{"start":{"line":16,"column":19},"end":{"line":16,"column":73}},"8":{"start":{"line":17,"column":2},"end":{"line":17,"column":81}},"9":{"start":{"line":17,"column":16},"end":{"line":17,"column":81}},"10":{"start":{"line":18,"column":17},"end":{"line":18,"column":89}},"11":{"start":{"line":19,"column":2},"end":{"line":19,"column":48}},"12":{"start":{"line":20,"column":2},"end":{"line":20,"column":16}},"13":{"start":{"line":23,"column":27},"end":{"line":30,"column":1}},"14":{"start":{"line":24,"column":54},"end":{"line":24,"column":75}},"15":{"start":{"line":25,"column":27},"end":{"line":28,"column":4}},"16":{"start":{"line":29,"column":2},"end":{"line":29,"column":70}},"17":{"start":{"line":32,"column":21},"end":{"line":39,"column":1}},"18":{"start":{"line":33,"column":17},"end":{"line":33,"column":52}},"19":{"start":{"line":34,"column":2},"end":{"line":34,"column":59}},"20":{"start":{"line":34,"column":15},"end":{"line":34,"column":59}},"21":{"start":{"line":35,"column":2},"end":{"line":35,"column":96}},"22":{"start":{"line":35,"column":35},"end":{"line":35,"column":96}},"23":{"start":{"line":36,"column":24},"end":{"line":36,"column":67}},"24":{"start":{"line":37,"column":2},"end":{"line":37,"column":48}},"25":{"start":{"line":38,"column":2},"end":{"line":38,"column":23}},"26":{"start":{"line":41,"column":21},"end":{"line":50,"column":1}},"27":{"start":{"line":42,"column":17},"end":{"line":42,"column":52}},"28":{"start":{"line":43,"column":2},"end":{"line":43,"column":59}},"29":{"start":{"line":43,"column":15},"end":{"line":43,"column":59}},"30":{"start":{"line":44,"column":2},"end":{"line":46,"column":3}},"31":{"start":{"line":45,"column":4},"end":{"line":45,"column":67}},"32":{"start":{"line":47,"column":18},"end":{"line":47,"column":55}},"33":{"start":{"line":48,"column":2},"end":{"line":48,"column":61}},"34":{"start":{"line":49,"column":2},"end":{"line":49,"column":17}},"35":{"start":{"line":52,"column":0},"end":{"line":52,"column":82}}},"fnMap":{"0":{"name":"(anonymous_0)","decl":{"start":{"line":8,"column":40},"end":{"line":8,"column":41}},"loc":{"start":{"line":8,"column":58},"end":{"line":13,"column":1}},"line":8},"1":{"name":"(anonymous_1)","decl":{"start":{"line":15,"column":21},"end":{"line":15,"column":22}},"loc":{"start":{"line":15,"column":66},"end":{"line":21,"column":1}},"line":15},"2":{"name":"(anonymous_2)","decl":{"start":{"line":23,"column":27},"end":{"line":23,"column":28}},"loc":{"start":{"line":23,"column":64},"end":{"line":30,"column":1}},"line":23},"3":{"name":"(anonymous_3)","decl":{"start":{"line":32,"column":21},"end":{"line":32,"column":22}},"loc":{"start":{"line":32,"column":55},"end":{"line":39,"column":1}},"line":32},"4":{"name":"(anonymous_4)","decl":{"start":{"line":41,"column":21},"end":{"line":41,"column":22}},"loc":{"start":{"line":41,"column":59},"end":{"line":50,"column":1}},"line":41}},"branchMap":{"0":{"loc":{"start":{"line":17,"column":2},"end":{"line":17,"column":81}},"type":"if","locations":[{"start":{"line":17,"column":2},"end":{"line":17,"column":81}},{"start":{},"end":{}}],"line":17},"1":{"loc":{"start":{"line":34,"column":2},"end":{"line":34,"column":59}},"type":"if","locations":[{"start":{"line":34,"column":2},"end":{"line":34,"column":59}},{"start":{},"end":{}}],"line":34},"2":{"loc":{"start":{"line":35,"column":2},"end":{"line":35,"column":96}},"type":"if","locations":[{"start":{"line":35,"column":2},"end":{"line":35,"column":96}},{"start":{},"end":{}}],"line":35},"3":{"loc":{"start":{"line":43,"column":2},"end":{"line":43,"column":59}},"type":"if","locations":[{"start":{"line":43,"column":2},"end":{"line":43,"column":59}},{"start":{},"end":{}}],"line":43},"4":{"loc":{"start":{"line":44,"column":2},"end":{"line":46,"column":3}},"type":"if","locations":[{"start":{"line":44,"column":2},"end":{"line":46,"column":3}},{"start":{},"end":{}}],"line":44},"5":{"loc":{"start":{"line":44,"column":6},"end":{"line":44,"column":57}},"type":"binary-expr","locations":[{"start":{"line":44,"column":6},"end":{"line":44,"column":26}},{"start":{"line":44,"column":30},"end":{"line":44,"column":57}}],"line":44}},"s":{"0":8,"1":8,"2":8,"3":8,"4":8,"5":2,"6":8,"7":2,"8":2,"9":1,"10":1,"11":1,"12":1,"13":8,"14":1,"15":1,"16":1,"17":8,"18":1,"19":1,"20":0,"21":1,"22":1,"23":0,"24":0,"25":0,"26":8,"27":1,"28":1,"29":0,"30":1,"31":0,"32":1,"33":1,"34":1,"35":8},"f":{"0":2,"1":2,"2":1,"3":1,"4":1},"b":{"0":[1,1],"1":[0,1],"2":[1,0],"3":[0,1],"4":[0,1],"5":[1,0]},"_coverageSchema":"1a1c01bbd47fc00a2c39e90264f33305004495a9","hash":"bfdd7ea2189f1b790222645c3ea92361e0002163"}
,"F:\\APImanhwamanhuamanga\\src\\modules\\season\\season.service.js": {"path":"F:\\APImanhwamanhuamanga\\src\\modules\\season\\season.service.js","statementMap":{"0":{"start":{"line":1,"column":19},"end":{"line":1,"column":66}},"1":{"start":{"line":2,"column":19},"end":{"line":2,"column":65}},"2":{"start":{"line":3,"column":19},"end":{"line":3,"column":58}},"3":{"start":{"line":4,"column":35},"end":{"line":4,"column":73}},"4":{"start":{"line":6,"column":24},"end":{"line":6,"column":44}},"5":{"start":{"line":9,"column":30},"end":{"line":16,"column":1}},"6":{"start":{"line":10,"column":17},"end":{"line":10,"column":51}},"7":{"start":{"line":11,"column":2},"end":{"line":11,"column":59}},"8":{"start":{"line":11,"column":15},"end":{"line":11,"column":59}},"9":{"start":{"line":12,"column":2},"end":{"line":14,"column":3}},"10":{"start":{"line":13,"column":4},"end":{"line":13,"column":123}},"11":{"start":{"line":15,"column":2},"end":{"line":15,"column":16}},"12":{"start":{"line":18,"column":21},"end":{"line":27,"column":1}},"13":{"start":{"line":19,"column":32},"end":{"line":19,"column":36}},"14":{"start":{"line":20,"column":2},"end":{"line":20,"column":40}},"15":{"start":{"line":23,"column":19},"end":{"line":23,"column":86}},"16":{"start":{"line":24,"column":2},"end":{"line":24,"column":96}},"17":{"start":{"line":24,"column":16},"end":{"line":24,"column":96}},"18":{"start":{"line":26,"column":2},"end":{"line":26,"column":58}},"19":{"start":{"line":29,"column":27},"end":{"line":40,"column":1}},"20":{"start":{"line":30,"column":2},"end":{"line":30,"column":40}},"21":{"start":{"line":31,"column":26},"end":{"line":31,"column":31}},"22":{"start":{"line":32,"column":54},"end":{"line":32,"column":75}},"23":{"start":{"line":34,"column":27},"end":{"line":37,"column":4}},"24":{"start":{"line":39,"column":2},"end":{"line":39,"column":70}},"25":{"start":{"line":42,"column":22},"end":{"line":46,"column":1}},"26":{"start":{"line":43,"column":17},"end":{"line":43,"column":46}},"27":{"start":{"line":44,"column":2},"end":{"line":44,"column":59}},"28":{"start":{"line":44,"column":15},"end":{"line":44,"column":59}},"29":{"start":{"line":45,"column":2},"end":{"line":45,"column":16}},"30":{"start":{"line":48,"column":21},"end":{"line":52,"column":1}},"31":{"start":{"line":49,"column":17},"end":{"line":49,"column":54}},"32":{"start":{"line":50,"column":2},"end":{"line":50,"column":59}},"33":{"start":{"line":50,"column":15},"end":{"line":50,"column":59}},"34":{"start":{"line":51,"column":2},"end":{"line":51,"column":16}},"35":{"start":{"line":54,"column":21},"end":{"line":58,"column":1}},"36":{"start":{"line":55,"column":17},"end":{"line":55,"column":48}},"37":{"start":{"line":56,"column":2},"end":{"line":56,"column":59}},"38":{"start":{"line":56,"column":15},"end":{"line":56,"column":59}},"39":{"start":{"line":57,"column":2},"end":{"line":57,"column":16}},"40":{"start":{"line":60,"column":0},"end":{"line":60,"column":97}}},"fnMap":{"0":{"name":"(anonymous_0)","decl":{"start":{"line":9,"column":30},"end":{"line":9,"column":31}},"loc":{"start":{"line":9,"column":50},"end":{"line":16,"column":1}},"line":9},"1":{"name":"(anonymous_1)","decl":{"start":{"line":18,"column":21},"end":{"line":18,"column":22}},"loc":{"start":{"line":18,"column":37},"end":{"line":27,"column":1}},"line":18},"2":{"name":"(anonymous_2)","decl":{"start":{"line":29,"column":27},"end":{"line":29,"column":28}},"loc":{"start":{"line":29,"column":54},"end":{"line":40,"column":1}},"line":29},"3":{"name":"(anonymous_3)","decl":{"start":{"line":42,"column":22},"end":{"line":42,"column":23}},"loc":{"start":{"line":42,"column":36},"end":{"line":46,"column":1}},"line":42},"4":{"name":"(anonymous_4)","decl":{"start":{"line":48,"column":21},"end":{"line":48,"column":22}},"loc":{"start":{"line":48,"column":41},"end":{"line":52,"column":1}},"line":48},"5":{"name":"(anonymous_5)","decl":{"start":{"line":54,"column":21},"end":{"line":54,"column":22}},"loc":{"start":{"line":54,"column":35},"end":{"line":58,"column":1}},"line":54}},"branchMap":{"0":{"loc":{"start":{"line":11,"column":2},"end":{"line":11,"column":59}},"type":"if","locations":[{"start":{"line":11,"column":2},"end":{"line":11,"column":59}},{"start":{},"end":{}}],"line":11},"1":{"loc":{"start":{"line":12,"column":2},"end":{"line":14,"column":3}},"type":"if","locations":[{"start":{"line":12,"column":2},"end":{"line":14,"column":3}},{"start":{},"end":{}}],"line":12},"2":{"loc":{"start":{"line":24,"column":2},"end":{"line":24,"column":96}},"type":"if","locations":[{"start":{"line":24,"column":2},"end":{"line":24,"column":96}},{"start":{},"end":{}}],"line":24},"3":{"loc":{"start":{"line":44,"column":2},"end":{"line":44,"column":59}},"type":"if","locations":[{"start":{"line":44,"column":2},"end":{"line":44,"column":59}},{"start":{},"end":{}}],"line":44},"4":{"loc":{"start":{"line":50,"column":2},"end":{"line":50,"column":59}},"type":"if","locations":[{"start":{"line":50,"column":2},"end":{"line":50,"column":59}},{"start":{},"end":{}}],"line":50},"5":{"loc":{"start":{"line":56,"column":2},"end":{"line":56,"column":59}},"type":"if","locations":[{"start":{"line":56,"column":2},"end":{"line":56,"column":59}},{"start":{},"end":{}}],"line":56}},"s":{"0":8,"1":8,"2":8,"3":8,"4":8,"5":8,"6":4,"7":4,"8":0,"9":4,"10":1,"11":3,"12":8,"13":3,"14":3,"15":2,"16":2,"17":1,"18":1,"19":8,"20":1,"21":1,"22":1,"23":1,"24":1,"25":8,"26":0,"27":0,"28":0,"29":0,"30":8,"31":0,"32":0,"33":0,"34":0,"35":8,"36":0,"37":0,"38":0,"39":0,"40":8},"f":{"0":4,"1":3,"2":1,"3":0,"4":0,"5":0},"b":{"0":[0,4],"1":[1,3],"2":[1,1],"3":[0,0],"4":[0,0],"5":[0,0]},"_coverageSchema":"1a1c01bbd47fc00a2c39e90264f33305004495a9","hash":"846fab9f1c0d58bcc86082116230e1471c4ad65c"}
,"F:\\APImanhwamanhuamanga\\src\\modules\\tag\\tag.service.js": {"path":"F:\\APImanhwamanhuamanga\\src\\modules\\tag\\tag.service.js","statementMap":{"0":{"start":{"line":1,"column":16},"end":{"line":1,"column":60}},"1":{"start":{"line":2,"column":17},"end":{"line":2,"column":48}},"2":{"start":{"line":8,"column":2},"end":{"line":8,"column":31}},"3":{"start":{"line":15,"column":14},"end":{"line":15,"column":44}},"4":{"start":{"line":16,"column":2},"end":{"line":16,"column":53}},"5":{"start":{"line":16,"column":12},"end":{"line":16,"column":53}},"6":{"start":{"line":17,"column":2},"end":{"line":17,"column":13}},"7":{"start":{"line":24,"column":19},"end":{"line":26,"column":3}},"8":{"start":{"line":27,"column":2},"end":{"line":27,"column":62}},"9":{"start":{"line":27,"column":16},"end":{"line":27,"column":62}},"10":{"start":{"line":28,"column":2},"end":{"line":28,"column":30}},"11":{"start":{"line":35,"column":14},"end":{"line":35,"column":48}},"12":{"start":{"line":36,"column":2},"end":{"line":36,"column":53}},"13":{"start":{"line":36,"column":12},"end":{"line":36,"column":53}},"14":{"start":{"line":37,"column":2},"end":{"line":37,"column":13}},"15":{"start":{"line":44,"column":14},"end":{"line":44,"column":42}},"16":{"start":{"line":45,"column":2},"end":{"line":45,"column":53}},"17":{"start":{"line":45,"column":12},"end":{"line":45,"column":53}},"18":{"start":{"line":48,"column":0},"end":{"line":48,"column":71}}},"fnMap":{"0":{"name":"listTags","decl":{"start":{"line":7,"column":15},"end":{"line":7,"column":23}},"loc":{"start":{"line":7,"column":30},"end":{"line":9,"column":1}},"line":7},"1":{"name":"getTag","decl":{"start":{"line":14,"column":15},"end":{"line":14,"column":21}},"loc":{"start":{"line":14,"column":28},"end":{"line":18,"column":1}},"line":14},"2":{"name":"createTag","decl":{"start":{"line":23,"column":15},"end":{"line":23,"column":24}},"loc":{"start":{"line":23,"column":31},"end":{"line":29,"column":1}},"line":23},"3":{"name":"updateTag","decl":{"start":{"line":34,"column":15},"end":{"line":34,"column":24}},"loc":{"start":{"line":34,"column":35},"end":{"line":38,"column":1}},"line":34},"4":{"name":"deleteTag","decl":{"start":{"line":43,"column":15},"end":{"line":43,"column":24}},"loc":{"start":{"line":43,"column":29},"end":{"line":46,"column":1}},"line":43}},"branchMap":{"0":{"loc":{"start":{"line":16,"column":2},"end":{"line":16,"column":53}},"type":"if","locations":[{"start":{"line":16,"column":2},"end":{"line":16,"column":53}},{"start":{},"end":{}}],"line":16},"1":{"loc":{"start":{"line":27,"column":2},"end":{"line":27,"column":62}},"type":"if","locations":[{"start":{"line":27,"column":2},"end":{"line":27,"column":62}},{"start":{},"end":{}}],"line":27},"2":{"loc":{"start":{"line":36,"column":2},"end":{"line":36,"column":53}},"type":"if","locations":[{"start":{"line":36,"column":2},"end":{"line":36,"column":53}},{"start":{},"end":{}}],"line":36},"3":{"loc":{"start":{"line":45,"column":2},"end":{"line":45,"column":53}},"type":"if","locations":[{"start":{"line":45,"column":2},"end":{"line":45,"column":53}},{"start":{},"end":{}}],"line":45}},"s":{"0":8,"1":8,"2":1,"3":1,"4":1,"5":1,"6":0,"7":2,"8":2,"9":1,"10":1,"11":1,"12":1,"13":1,"14":0,"15":1,"16":1,"17":1,"18":8},"f":{"0":1,"1":1,"2":2,"3":1,"4":1},"b":{"0":[1,0],"1":[1,1],"2":[1,0],"3":[1,0]},"_coverageSchema":"1a1c01bbd47fc00a2c39e90264f33305004495a9","hash":"72cc78646ba5d0062fe2d459373a160c4e72b76b"}
,"F:\\APImanhwamanhuamanga\\src\\modules\\user\\user.service.js": {"path":"F:\\APImanhwamanhuamanga\\src\\modules\\user\\user.service.js","statementMap":{"0":{"start":{"line":1,"column":17},"end":{"line":1,"column":62}},"1":{"start":{"line":2,"column":40},"end":{"line":2,"column":63}},"2":{"start":{"line":3,"column":19},"end":{"line":3,"column":66}},"3":{"start":{"line":4,"column":20},"end":{"line":4,"column":68}},"4":{"start":{"line":5,"column":17},"end":{"line":5,"column":56}},"5":{"start":{"line":6,"column":14},"end":{"line":6,"column":49}},"6":{"start":{"line":7,"column":35},"end":{"line":7,"column":73}},"7":{"start":{"line":9,"column":29},"end":{"line":9,"column":35}},"8":{"start":{"line":11,"column":34},"end":{"line":18,"column":1}},"9":{"start":{"line":12,"column":2},"end":{"line":17,"column":5}},"10":{"start":{"line":20,"column":19},"end":{"line":24,"column":1}},"11":{"start":{"line":21,"column":15},"end":{"line":21,"column":46}},"12":{"start":{"line":22,"column":2},"end":{"line":22,"column":55}},"13":{"start":{"line":22,"column":13},"end":{"line":22,"column":55}},"14":{"start":{"line":23,"column":2},"end":{"line":23,"column":14}},"15":{"start":{"line":26,"column":22},"end":{"line":36,"column":1}},"16":{"start":{"line":28,"column":18},"end":{"line":28,"column":52}},"17":{"start":{"line":29,"column":17},"end":{"line":31,"column":3}},"18":{"start":{"line":30,"column":43},"end":{"line":30,"column":64}},"19":{"start":{"line":32,"column":15},"end":{"line":32,"column":56}},"20":{"start":{"line":33,"column":2},"end":{"line":33,"column":55}},"21":{"start":{"line":33,"column":13},"end":{"line":33,"column":55}},"22":{"start":{"line":34,"column":2},"end":{"line":34,"column":42}},"23":{"start":{"line":35,"column":2},"end":{"line":35,"column":14}},"24":{"start":{"line":38,"column":21},"end":{"line":43,"column":1}},"25":{"start":{"line":39,"column":15},"end":{"line":39,"column":71}},"26":{"start":{"line":40,"column":2},"end":{"line":40,"column":55}},"27":{"start":{"line":40,"column":13},"end":{"line":40,"column":55}},"28":{"start":{"line":41,"column":2},"end":{"line":41,"column":42}},"29":{"start":{"line":42,"column":2},"end":{"line":42,"column":14}},"30":{"start":{"line":45,"column":25},"end":{"line":54,"column":1}},"31":{"start":{"line":46,"column":19},"end":{"line":46,"column":50}},"32":{"start":{"line":47,"column":17},"end":{"line":47,"column":42}},"33":{"start":{"line":48,"column":2},"end":{"line":48,"column":28}},"34":{"start":{"line":48,"column":14},"end":{"line":48,"column":28}},"35":{"start":{"line":50,"column":15},"end":{"line":50,"column":52}},"36":{"start":{"line":51,"column":2},"end":{"line":51,"column":55}},"37":{"start":{"line":51,"column":13},"end":{"line":51,"column":55}},"38":{"start":{"line":52,"column":2},"end":{"line":52,"column":56}},"39":{"start":{"line":53,"column":2},"end":{"line":53,"column":14}},"40":{"start":{"line":56,"column":23},"end":{"line":80,"column":1}},"41":{"start":{"line":57,"column":19},"end":{"line":57,"column":48}},"42":{"start":{"line":58,"column":17},"end":{"line":58,"column":42}},"43":{"start":{"line":59,"column":2},"end":{"line":59,"column":28}},"44":{"start":{"line":59,"column":14},"end":{"line":59,"column":28}},"45":{"start":{"line":61,"column":15},"end":{"line":61,"column":52}},"46":{"start":{"line":62,"column":2},"end":{"line":62,"column":55}},"47":{"start":{"line":62,"column":13},"end":{"line":62,"column":55}},"48":{"start":{"line":64,"column":49},"end":{"line":68,"column":4}},"49":{"start":{"line":70,"column":18},"end":{"line":76,"column":3}},"50":{"start":{"line":78,"column":2},"end":{"line":78,"column":59}},"51":{"start":{"line":79,"column":2},"end":{"line":79,"column":17}},"52":{"start":{"line":82,"column":31},"end":{"line":104,"column":1}},"53":{"start":{"line":83,"column":15},"end":{"line":83,"column":52}},"54":{"start":{"line":84,"column":2},"end":{"line":84,"column":55}},"55":{"start":{"line":84,"column":13},"end":{"line":84,"column":55}},"56":{"start":{"line":86,"column":32},"end":{"line":86,"column":37}},"57":{"start":{"line":87,"column":54},"end":{"line":87,"column":75}},"58":{"start":{"line":88,"column":19},"end":{"line":88,"column":100}},"59":{"start":{"line":89,"column":17},"end":{"line":89,"column":42}},"60":{"start":{"line":90,"column":2},"end":{"line":90,"column":28}},"61":{"start":{"line":90,"column":14},"end":{"line":90,"column":28}},"62":{"start":{"line":92,"column":27},"end":{"line":95,"column":4}},"63":{"start":{"line":97,"column":18},"end":{"line":100,"column":3}},"64":{"start":{"line":102,"column":2},"end":{"line":102,"column":59}},"65":{"start":{"line":103,"column":2},"end":{"line":103,"column":17}},"66":{"start":{"line":106,"column":32},"end":{"line":128,"column":1}},"67":{"start":{"line":107,"column":15},"end":{"line":107,"column":52}},"68":{"start":{"line":108,"column":2},"end":{"line":108,"column":55}},"69":{"start":{"line":108,"column":13},"end":{"line":108,"column":55}},"70":{"start":{"line":110,"column":32},"end":{"line":110,"column":37}},"71":{"start":{"line":111,"column":54},"end":{"line":111,"column":75}},"72":{"start":{"line":112,"column":19},"end":{"line":112,"column":101}},"73":{"start":{"line":113,"column":17},"end":{"line":113,"column":42}},"74":{"start":{"line":114,"column":2},"end":{"line":114,"column":28}},"75":{"start":{"line":114,"column":14},"end":{"line":114,"column":28}},"76":{"start":{"line":116,"column":28},"end":{"line":119,"column":4}},"77":{"start":{"line":121,"column":18},"end":{"line":124,"column":3}},"78":{"start":{"line":126,"column":2},"end":{"line":126,"column":59}},"79":{"start":{"line":127,"column":2},"end":{"line":127,"column":17}},"80":{"start":{"line":130,"column":0},"end":{"line":138,"column":2}}},"fnMap":{"0":{"name":"(anonymous_0)","decl":{"start":{"line":11,"column":34},"end":{"line":11,"column":35}},"loc":{"start":{"line":11,"column":52},"end":{"line":18,"column":1}},"line":11},"1":{"name":"(anonymous_1)","decl":{"start":{"line":20,"column":19},"end":{"line":20,"column":20}},"loc":{"start":{"line":20,"column":37},"end":{"line":24,"column":1}},"line":20},"2":{"name":"(anonymous_2)","decl":{"start":{"line":26,"column":22},"end":{"line":26,"column":23}},"loc":{"start":{"line":26,"column":46},"end":{"line":36,"column":1}},"line":26},"3":{"name":"(anonymous_3)","decl":{"start":{"line":30,"column":32},"end":{"line":30,"column":33}},"loc":{"start":{"line":30,"column":43},"end":{"line":30,"column":64}},"line":30},"4":{"name":"(anonymous_4)","decl":{"start":{"line":38,"column":21},"end":{"line":38,"column":22}},"loc":{"start":{"line":38,"column":50},"end":{"line":43,"column":1}},"line":38},"5":{"name":"(anonymous_5)","decl":{"start":{"line":45,"column":25},"end":{"line":45,"column":26}},"loc":{"start":{"line":45,"column":43},"end":{"line":54,"column":1}},"line":45},"6":{"name":"(anonymous_6)","decl":{"start":{"line":56,"column":23},"end":{"line":56,"column":24}},"loc":{"start":{"line":56,"column":41},"end":{"line":80,"column":1}},"line":56},"7":{"name":"(anonymous_7)","decl":{"start":{"line":82,"column":31},"end":{"line":82,"column":32}},"loc":{"start":{"line":82,"column":56},"end":{"line":104,"column":1}},"line":82},"8":{"name":"(anonymous_8)","decl":{"start":{"line":106,"column":32},"end":{"line":106,"column":33}},"loc":{"start":{"line":106,"column":57},"end":{"line":128,"column":1}},"line":106}},"branchMap":{"0":{"loc":{"start":{"line":22,"column":2},"end":{"line":22,"column":55}},"type":"if","locations":[{"start":{"line":22,"column":2},"end":{"line":22,"column":55}},{"start":{},"end":{}}],"line":22},"1":{"loc":{"start":{"line":33,"column":2},"end":{"line":33,"column":55}},"type":"if","locations":[{"start":{"line":33,"column":2},"end":{"line":33,"column":55}},{"start":{},"end":{}}],"line":33},"2":{"loc":{"start":{"line":40,"column":2},"end":{"line":40,"column":55}},"type":"if","locations":[{"start":{"line":40,"column":2},"end":{"line":40,"column":55}},{"start":{},"end":{}}],"line":40},"3":{"loc":{"start":{"line":48,"column":2},"end":{"line":48,"column":28}},"type":"if","locations":[{"start":{"line":48,"column":2},"end":{"line":48,"column":28}},{"start":{},"end":{}}],"line":48},"4":{"loc":{"start":{"line":51,"column":2},"end":{"line":51,"column":55}},"type":"if","locations":[{"start":{"line":51,"column":2},"end":{"line":51,"column":55}},{"start":{},"end":{}}],"line":51},"5":{"loc":{"start":{"line":59,"column":2},"end":{"line":59,"column":28}},"type":"if","locations":[{"start":{"line":59,"column":2},"end":{"line":59,"column":28}},{"start":{},"end":{}}],"line":59},"6":{"loc":{"start":{"line":62,"column":2},"end":{"line":62,"column":55}},"type":"if","locations":[{"start":{"line":62,"column":2},"end":{"line":62,"column":55}},{"start":{},"end":{}}],"line":62},"7":{"loc":{"start":{"line":84,"column":2},"end":{"line":84,"column":55}},"type":"if","locations":[{"start":{"line":84,"column":2},"end":{"line":84,"column":55}},{"start":{},"end":{}}],"line":84},"8":{"loc":{"start":{"line":90,"column":2},"end":{"line":90,"column":28}},"type":"if","locations":[{"start":{"line":90,"column":2},"end":{"line":90,"column":28}},{"start":{},"end":{}}],"line":90},"9":{"loc":{"start":{"line":108,"column":2},"end":{"line":108,"column":55}},"type":"if","locations":[{"start":{"line":108,"column":2},"end":{"line":108,"column":55}},{"start":{},"end":{}}],"line":108},"10":{"loc":{"start":{"line":114,"column":2},"end":{"line":114,"column":28}},"type":"if","locations":[{"start":{"line":114,"column":2},"end":{"line":114,"column":28}},{"start":{},"end":{}}],"line":114}},"s":{"0":8,"1":8,"2":8,"3":8,"4":8,"5":8,"6":8,"7":8,"8":8,"9":2,"10":8,"11":2,"12":2,"13":1,"14":1,"15":8,"16":1,"17":1,"18":4,"19":1,"20":1,"21":0,"22":1,"23":1,"24":8,"25":1,"26":1,"27":0,"28":1,"29":1,"30":8,"31":1,"32":1,"33":1,"34":0,"35":1,"36":1,"37":0,"38":1,"39":1,"40":8,"41":1,"42":1,"43":1,"44":0,"45":1,"46":1,"47":0,"48":1,"49":1,"50":1,"51":1,"52":8,"53":1,"54":1,"55":0,"56":1,"57":1,"58":1,"59":1,"60":1,"61":0,"62":1,"63":1,"64":1,"65":1,"66":8,"67":1,"68":1,"69":0,"70":1,"71":1,"72":1,"73":1,"74":1,"75":0,"76":1,"77":1,"78":1,"79":1,"80":8},"f":{"0":2,"1":2,"2":1,"3":4,"4":1,"5":1,"6":1,"7":1,"8":1},"b":{"0":[1,1],"1":[0,1],"2":[0,1],"3":[0,1],"4":[0,1],"5":[0,1],"6":[0,1],"7":[0,1],"8":[0,1],"9":[0,1],"10":[0,1]},"_coverageSchema":"1a1c01bbd47fc00a2c39e90264f33305004495a9","hash":"1569d6f89aa45a79ddae499f209741607cf4fdc4"}
,"F:\\APImanhwamanhuamanga\\src\\shared\\utils\\cache.js": {"path":"F:\\APImanhwamanhuamanga\\src\\shared\\utils\\cache.js","statementMap":{"0":{"start":{"line":1,"column":27},"end":{"line":1,"column":56}},"1":{"start":{"line":6,"column":12},"end":{"line":9,"column":1}},"2":{"start":{"line":16,"column":12},"end":{"line":25,"column":1}},"3":{"start":{"line":17,"column":17},"end":{"line":17,"column":33}},"4":{"start":{"line":18,"column":2},"end":{"line":18,"column":27}},"5":{"start":{"line":18,"column":15},"end":{"line":18,"column":27}},"6":{"start":{"line":19,"column":2},"end":{"line":24,"column":3}},"7":{"start":{"line":20,"column":16},"end":{"line":20,"column":37}},"8":{"start":{"line":21,"column":4},"end":{"line":21,"column":40}},"9":{"start":{"line":23,"column":4},"end":{"line":23,"column":16}},"10":{"start":{"line":33,"column":12},"end":{"line":41,"column":1}},"11":{"start":{"line":34,"column":17},"end":{"line":34,"column":33}},"12":{"start":{"line":35,"column":2},"end":{"line":35,"column":22}},"13":{"start":{"line":35,"column":15},"end":{"line":35,"column":22}},"14":{"start":{"line":36,"column":2},"end":{"line":40,"column":3}},"15":{"start":{"line":37,"column":4},"end":{"line":37,"column":63}},"16":{"start":{"line":48,"column":12},"end":{"line":56,"column":1}},"17":{"start":{"line":49,"column":17},"end":{"line":49,"column":33}},"18":{"start":{"line":50,"column":2},"end":{"line":50,"column":43}},"19":{"start":{"line":50,"column":36},"end":{"line":50,"column":43}},"20":{"start":{"line":51,"column":2},"end":{"line":55,"column":3}},"21":{"start":{"line":52,"column":4},"end":{"line":52,"column":30}},"22":{"start":{"line":63,"column":19},"end":{"line":76,"column":1}},"23":{"start":{"line":64,"column":17},"end":{"line":64,"column":33}},"24":{"start":{"line":65,"column":2},"end":{"line":65,"column":22}},"25":{"start":{"line":65,"column":15},"end":{"line":65,"column":22}},"26":{"start":{"line":66,"column":2},"end":{"line":75,"column":3}},"27":{"start":{"line":67,"column":17},"end":{"line":67,"column":20}},"28":{"start":{"line":68,"column":4},"end":{"line":72,"column":29}},"29":{"start":{"line":69,"column":33},"end":{"line":69,"column":90}},"30":{"start":{"line":70,"column":6},"end":{"line":70,"column":26}},"31":{"start":{"line":71,"column":6},"end":{"line":71,"column":53}},"32":{"start":{"line":71,"column":27},"end":{"line":71,"column":53}},"33":{"start":{"line":78,"column":0},"end":{"line":78,"column":52}}},"fnMap":{"0":{"name":"(anonymous_0)","decl":{"start":{"line":16,"column":12},"end":{"line":16,"column":13}},"loc":{"start":{"line":16,"column":27},"end":{"line":25,"column":1}},"line":16},"1":{"name":"(anonymous_1)","decl":{"start":{"line":33,"column":12},"end":{"line":33,"column":13}},"loc":{"start":{"line":33,"column":46},"end":{"line":41,"column":1}},"line":33},"2":{"name":"(anonymous_2)","decl":{"start":{"line":48,"column":12},"end":{"line":48,"column":13}},"loc":{"start":{"line":48,"column":31},"end":{"line":56,"column":1}},"line":48},"3":{"name":"(anonymous_3)","decl":{"start":{"line":63,"column":19},"end":{"line":63,"column":20}},"loc":{"start":{"line":63,"column":38},"end":{"line":76,"column":1}},"line":63}},"branchMap":{"0":{"loc":{"start":{"line":18,"column":2},"end":{"line":18,"column":27}},"type":"if","locations":[{"start":{"line":18,"column":2},"end":{"line":18,"column":27}},{"start":{},"end":{}}],"line":18},"1":{"loc":{"start":{"line":21,"column":11},"end":{"line":21,"column":39}},"type":"cond-expr","locations":[{"start":{"line":21,"column":17},"end":{"line":21,"column":32}},{"start":{"line":21,"column":35},"end":{"line":21,"column":39}}],"line":21},"2":{"loc":{"start":{"line":35,"column":2},"end":{"line":35,"column":22}},"type":"if","locations":[{"start":{"line":35,"column":2},"end":{"line":35,"column":22}},{"start":{},"end":{}}],"line":35},"3":{"loc":{"start":{"line":50,"column":2},"end":{"line":50,"column":43}},"type":"if","locations":[{"start":{"line":50,"column":2},"end":{"line":50,"column":43}},{"start":{},"end":{}}],"line":50},"4":{"loc":{"start":{"line":50,"column":6},"end":{"line":50,"column":34}},"type":"binary-expr","locations":[{"start":{"line":50,"column":6},"end":{"line":50,"column":13}},{"start":{"line":50,"column":17},"end":{"line":50,"column":34}}],"line":50},"5":{"loc":{"start":{"line":65,"column":2},"end":{"line":65,"column":22}},"type":"if","locations":[{"start":{"line":65,"column":2},"end":{"line":65,"column":22}},{"start":{},"end":{}}],"line":65},"6":{"loc":{"start":{"line":71,"column":6},"end":{"line":71,"column":53}},"type":"if","locations":[{"start":{"line":71,"column":6},"end":{"line":71,"column":53}},{"start":{},"end":{}}],"line":71}},"s":{"0":16,"1":16,"2":16,"3":3,"4":3,"5":3,"6":0,"7":0,"8":0,"9":0,"10":16,"11":2,"12":2,"13":1,"14":1,"15":1,"16":16,"17":3,"18":3,"19":3,"20":0,"21":0,"22":16,"23":16,"24":16,"25":15,"26":1,"27":1,"28":1,"29":2,"30":2,"31":2,"32":2,"33":16},"f":{"0":3,"1":2,"2":3,"3":16},"b":{"0":[3,0],"1":[0,0],"2":[1,1],"3":[3,0],"4":[3,0],"5":[15,1],"6":[2,0]},"_coverageSchema":"1a1c01bbd47fc00a2c39e90264f33305004495a9","hash":"4ec326340d657cd6f1cce9d08751fcc9f70df95f"}
,"F:\\APImanhwamanhuamanga\\src\\shared\\utils\\catchAsync.js": {"path":"F:\\APImanhwamanhuamanga\\src\\shared\\utils\\catchAsync.js","statementMap":{"0":{"start":{"line":1,"column":19},"end":{"line":3,"column":1}},"1":{"start":{"line":1,"column":27},"end":{"line":3,"column":1}},"2":{"start":{"line":2,"column":2},"end":{"line":2,"column":50}},"3":{"start":{"line":5,"column":0},"end":{"line":5,"column":28}}},"fnMap":{"0":{"name":"(anonymous_0)","decl":{"start":{"line":1,"column":19},"end":{"line":1,"column":20}},"loc":{"start":{"line":1,"column":27},"end":{"line":3,"column":1}},"line":1},"1":{"name":"(anonymous_1)","decl":{"start":{"line":1,"column":27},"end":{"line":1,"column":28}},"loc":{"start":{"line":1,"column":47},"end":{"line":3,"column":1}},"line":1}},"branchMap":{},"s":{"0":7,"1":574,"2":60,"3":7},"f":{"0":574,"1":60},"b":{},"_coverageSchema":"1a1c01bbd47fc00a2c39e90264f33305004495a9","hash":"cf44767fdac70431c39af90049157d137be1baa7"}
,"F:\\APImanhwamanhuamanga\\src\\shared\\utils\\paginate.js": {"path":"F:\\APImanhwamanhuamanga\\src\\shared\\utils\\paginate.js","statementMap":{"0":{"start":{"line":1,"column":17},"end":{"line":7,"column":1}},"1":{"start":{"line":2,"column":22},"end":{"line":2,"column":75}},"2":{"start":{"line":3,"column":18},"end":{"line":3,"column":71}},"3":{"start":{"line":4,"column":15},"end":{"line":4,"column":42}},"4":{"start":{"line":6,"column":2},"end":{"line":6,"column":53}},"5":{"start":{"line":9,"column":21},"end":{"line":14,"column":2}},"6":{"start":{"line":9,"column":46},"end":{"line":14,"column":1}},"7":{"start":{"line":16,"column":0},"end":{"line":16,"column":44}}},"fnMap":{"0":{"name":"(anonymous_0)","decl":{"start":{"line":1,"column":17},"end":{"line":1,"column":18}},"loc":{"start":{"line":1,"column":34},"end":{"line":7,"column":1}},"line":1},"1":{"name":"(anonymous_1)","decl":{"start":{"line":9,"column":21},"end":{"line":9,"column":22}},"loc":{"start":{"line":9,"column":46},"end":{"line":14,"column":1}},"line":9}},"branchMap":{"0":{"loc":{"start":{"line":2,"column":50},"end":{"line":2,"column":73}},"type":"binary-expr","locations":[{"start":{"line":2,"column":50},"end":{"line":2,"column":68}},{"start":{"line":2,"column":72},"end":{"line":2,"column":73}}],"line":2},"1":{"loc":{"start":{"line":3,"column":44},"end":{"line":3,"column":69}},"type":"binary-expr","locations":[{"start":{"line":3,"column":44},"end":{"line":3,"column":63}},{"start":{"line":3,"column":67},"end":{"line":3,"column":69}}],"line":3}},"s":{"0":21,"1":18,"2":18,"3":18,"4":18,"5":21,"6":17,"7":21},"f":{"0":18,"1":17},"b":{"0":[18,1],"1":[18,1]},"_coverageSchema":"1a1c01bbd47fc00a2c39e90264f33305004495a9","hash":"306a2606cf9933ad5a337596a85b0358ccf03075"}
,"F:\\APImanhwamanhuamanga\\src\\shared\\utils\\response.js": {"path":"F:\\APImanhwamanhuamanga\\src\\shared\\utils\\response.js","statementMap":{"0":{"start":{"line":1,"column":16},"end":{"line":5,"column":1}},"1":{"start":{"line":2,"column":19},"end":{"line":2,"column":51}},"2":{"start":{"line":3,"column":2},"end":{"line":3,"column":33}},"3":{"start":{"line":3,"column":12},"end":{"line":3,"column":33}},"4":{"start":{"line":4,"column":2},"end":{"line":4,"column":47}},"5":{"start":{"line":7,"column":14},"end":{"line":9,"column":1}},"6":{"start":{"line":8,"column":2},"end":{"line":8,"column":66}},"7":{"start":{"line":11,"column":0},"end":{"line":11,"column":36}}},"fnMap":{"0":{"name":"(anonymous_0)","decl":{"start":{"line":1,"column":16},"end":{"line":1,"column":17}},"loc":{"start":{"line":1,"column":94},"end":{"line":5,"column":1}},"line":1},"1":{"name":"(anonymous_1)","decl":{"start":{"line":7,"column":14},"end":{"line":7,"column":15}},"loc":{"start":{"line":7,"column":80},"end":{"line":9,"column":1}},"line":7}},"branchMap":{"0":{"loc":{"start":{"line":1,"column":24},"end":{"line":1,"column":40}},"type":"default-arg","locations":[{"start":{"line":1,"column":37},"end":{"line":1,"column":40}}],"line":1},"1":{"loc":{"start":{"line":1,"column":42},"end":{"line":1,"column":61}},"type":"default-arg","locations":[{"start":{"line":1,"column":52},"end":{"line":1,"column":61}}],"line":1},"2":{"loc":{"start":{"line":1,"column":63},"end":{"line":1,"column":74}},"type":"default-arg","locations":[{"start":{"line":1,"column":70},"end":{"line":1,"column":74}}],"line":1},"3":{"loc":{"start":{"line":1,"column":76},"end":{"line":1,"column":87}},"type":"default-arg","locations":[{"start":{"line":1,"column":83},"end":{"line":1,"column":87}}],"line":1},"4":{"loc":{"start":{"line":3,"column":2},"end":{"line":3,"column":33}},"type":"if","locations":[{"start":{"line":3,"column":2},"end":{"line":3,"column":33}},{"start":{},"end":{}}],"line":3},"5":{"loc":{"start":{"line":7,"column":22},"end":{"line":7,"column":38}},"type":"default-arg","locations":[{"start":{"line":7,"column":35},"end":{"line":7,"column":38}}],"line":7},"6":{"loc":{"start":{"line":7,"column":40},"end":{"line":7,"column":73}},"type":"default-arg","locations":[{"start":{"line":7,"column":50},"end":{"line":7,"column":73}}],"line":7}},"s":{"0":7,"1":43,"2":43,"3":28,"4":43,"5":7,"6":27,"7":7},"f":{"0":43,"1":27},"b":{"0":[41],"1":[34],"2":[0],"3":[15],"4":[28,15],"5":[0],"6":[0]},"_coverageSchema":"1a1c01bbd47fc00a2c39e90264f33305004495a9","hash":"5096240c9a9496051a9d9c2392a6581f1a4c3f0c"}
}
