TN:
SF:src\jobs\jobRunner.js
FN:12,buildScraperArgs
FN:43,runNodeJob
FN:48,(anonymous_2)
FN:59,(anonymous_3)
FN:69,(anonymous_4)
FN:74,(anonymous_5)
FN:78,(anonymous_6)
FN:82,(anonymous_7)
FN:87,(anonymous_8)
FN:99,getProjectRoot
FNF:10
FNH:6
FNDA:2,buildScraperArgs
FNDA:2,runNodeJob
FNDA:1,(anonymous_2)
FNDA:2,(anonymous_3)
FNDA:0,(anonymous_4)
FNDA:1,(anonymous_5)
FNDA:0,(anonymous_6)
FNDA:0,(anonymous_7)
FNDA:2,(anonymous_8)
FNDA:0,getProjectRoot
DA:3,1
DA:4,1
DA:6,1
DA:13,2
DA:14,2
DA:15,0
DA:18,2
DA:20,2
DA:21,1
DA:24,2
DA:25,1
DA:28,2
DA:29,1
DA:32,2
DA:33,1
DA:36,2
DA:37,1
DA:40,2
DA:44,2
DA:45,2
DA:46,2
DA:48,2
DA:49,1
DA:50,1
DA:51,1
DA:55,0
DA:56,0
DA:59,2
DA:60,2
DA:66,2
DA:67,2
DA:69,2
DA:70,0
DA:71,0
DA:74,2
DA:75,1
DA:78,2
DA:79,0
DA:82,2
DA:83,0
DA:84,0
DA:87,2
DA:88,2
DA:89,2
DA:90,1
DA:91,1
DA:94,1
DA:100,0
DA:103,1
LF:49
LH:40
BRDA:12,0,0,1
BRDA:14,1,0,0
BRDA:14,1,1,2
BRDA:20,2,0,1
BRDA:20,2,1,1
BRDA:24,3,0,1
BRDA:24,3,1,1
BRDA:28,4,0,1
BRDA:28,4,1,1
BRDA:32,5,0,1
BRDA:32,5,1,1
BRDA:36,6,0,1
BRDA:36,6,1,1
BRDA:43,7,0,0
BRDA:44,8,0,2
BRDA:44,8,1,0
BRDA:45,9,0,2
BRDA:45,9,1,2
BRDA:46,10,0,2
BRDA:46,10,1,2
BRDA:50,11,0,1
BRDA:50,11,1,0
BRDA:89,12,0,1
BRDA:89,12,1,1
BRDA:94,13,0,1
BRDA:94,13,1,1
BRF:26
BRH:22
end_of_record
TN:
SF:src\jobs\queue.js
FNF:0
FNH:0
DA:3,1
DA:4,1
DA:7,1
DA:8,1
DA:10,0
DA:13,1
DA:14,0
DA:17,1
DA:23,1
DA:25,1
DA:38,1
LF:11
LH:9
BRDA:13,0,0,0
BRDA:13,0,1,1
BRF:2
BRH:1
end_of_record
TN:
SF:src\jobs\scheduler.js
FN:13,upsertRepeatableJobs
FN:39,bootstrap
FN:61,shutdown
FN:72,(anonymous_3)
FNF:4
FNH:3
FNDA:3,upsertRepeatableJobs
FNDA:2,bootstrap
FNDA:1,shutdown
FNDA:0,(anonymous_3)
DA:3,2
DA:5,2
DA:6,2
DA:8,2
DA:9,2
DA:10,2
DA:11,2
DA:14,3
DA:22,3
DA:30,3
DA:40,2
DA:47,2
DA:49,2
DA:50,2
DA:55,2
DA:58,2
DA:62,1
DA:63,1
DA:64,1
DA:65,1
DA:68,2
DA:69,2
DA:71,2
DA:72,0
DA:73,0
DA:74,0
DA:78,2
LF:27
LH:24
BRDA:8,0,0,2
BRDA:8,0,1,2
BRDA:9,1,0,2
BRDA:9,1,1,2
BRDA:10,2,0,2
BRDA:10,2,1,2
BRDA:11,3,0,2
BRDA:11,3,1,2
BRDA:49,4,0,2
BRDA:49,4,1,0
BRDA:71,5,0,0
BRDA:71,5,1,2
BRF:12
BRH:10
end_of_record
TN:
SF:src\jobs\worker.js
FN:13,createScraperWorker
FN:16,(anonymous_1)
FN:50,(anonymous_2)
FN:59,(anonymous_3)
FN:70,shutdown
FN:79,(anonymous_5)
FN:80,(anonymous_6)
FNF:7
FNH:2
FNDA:3,createScraperWorker
FNDA:2,(anonymous_1)
FNDA:0,(anonymous_2)
FNDA:0,(anonymous_3)
FNDA:0,shutdown
FNDA:0,(anonymous_5)
FNDA:0,(anonymous_6)
DA:3,2
DA:5,2
DA:6,2
DA:7,2
DA:8,2
DA:10,2
DA:11,2
DA:14,3
DA:17,2
DA:18,2
DA:20,2
DA:27,2
DA:33,2
DA:34,2
DA:41,2
DA:50,3
DA:51,0
DA:59,3
DA:60,0
DA:67,3
DA:71,0
DA:72,0
DA:73,0
DA:74,0
DA:77,2
DA:78,0
DA:79,0
DA:80,0
DA:82,0
DA:88,2
LF:30
LH:20
BRDA:10,0,0,2
BRDA:10,0,1,2
BRDA:11,1,0,2
BRDA:11,1,1,2
BRDA:18,2,0,2
BRDA:18,2,1,0
BRDA:77,3,0,0
BRDA:77,3,1,2
BRF:8
BRH:6
end_of_record
TN:
SF:src\middlewares\validateObjectId.middleware.js
FN:12,(anonymous_0)
FN:12,(anonymous_1)
FNF:2
FNH:2
FNDA:250,(anonymous_0)
FNDA:23,(anonymous_1)
DA:1,8
DA:2,8
DA:12,250
DA:13,23
DA:14,26
DA:15,26
DA:16,7
DA:19,16
DA:22,8
LF:9
LH:9
BRDA:15,0,0,7
BRDA:15,0,1,19
BRDA:15,1,0,26
BRDA:15,1,1,25
BRF:4
BRH:4
end_of_record
TN:
SF:src\modules\auth\auth.service.js
FN:8,(anonymous_0)
FN:11,(anonymous_1)
FN:16,(anonymous_2)
FN:21,(anonymous_3)
FN:30,(anonymous_4)
FN:38,(anonymous_5)
FN:49,(anonymous_6)
FN:54,(anonymous_7)
FN:76,(anonymous_8)
FN:105,(anonymous_9)
FN:111,(anonymous_10)
FN:136,(anonymous_11)
FN:154,(anonymous_12)
FN:173,(anonymous_13)
FNF:14
FNH:11
FNDA:7,(anonymous_0)
FNDA:3,(anonymous_1)
FNDA:3,(anonymous_2)
FNDA:3,(anonymous_3)
FNDA:3,(anonymous_4)
FNDA:2,(anonymous_5)
FNDA:0,(anonymous_6)
FNDA:4,(anonymous_7)
FNDA:1,(anonymous_8)
FNDA:0,(anonymous_9)
FNDA:0,(anonymous_10)
FNDA:1,(anonymous_11)
FNDA:1,(anonymous_12)
FNDA:1,(anonymous_13)
DA:1,9
DA:2,9
DA:3,9
DA:4,9
DA:5,9
DA:6,9
DA:8,9
DA:9,7
DA:11,9
DA:12,3
DA:16,9
DA:17,3
DA:21,9
DA:22,3
DA:23,3
DA:24,3
DA:25,3
DA:26,3
DA:27,3
DA:30,9
DA:31,3
DA:38,9
DA:39,2
DA:40,2
DA:42,1
DA:43,1
DA:44,1
DA:46,1
DA:49,1
DA:51,1
DA:54,9
DA:55,4
DA:56,4
DA:57,2
DA:61,2
DA:62,1
DA:66,1
DA:68,1
DA:69,1
DA:71,1
DA:73,1
DA:76,9
DA:77,1
DA:78,1
DA:79,1
DA:82,1
DA:83,1
DA:85,0
DA:86,0
DA:89,1
DA:90,1
DA:91,0
DA:92,0
DA:95,1
DA:97,1
DA:98,1
DA:100,1
DA:102,1
DA:105,9
DA:106,0
DA:111,9
DA:112,0
DA:114,0
DA:116,0
DA:118,0
DA:119,0
DA:121,0
DA:127,0
DA:128,0
DA:136,9
DA:137,1
DA:138,1
DA:139,1
DA:141,1
DA:142,1
DA:144,1
DA:145,1
DA:147,1
DA:149,1
DA:154,9
DA:155,1
DA:156,1
DA:158,1
DA:164,1
DA:165,1
DA:173,9
DA:174,1
DA:175,1
DA:176,1
DA:178,1
DA:179,1
DA:182,9
LF:92
LH:79
BRDA:23,0,0,0
BRDA:23,0,1,3
BRDA:27,1,0,3
BRDA:27,1,1,0
BRDA:40,2,0,1
BRDA:40,2,1,1
BRDA:56,3,0,2
BRDA:56,3,1,2
BRDA:56,4,0,4
BRDA:56,4,1,3
BRDA:61,5,0,1
BRDA:61,5,1,1
BRDA:79,6,0,0
BRDA:79,6,1,1
BRDA:90,7,0,0
BRDA:90,7,1,1
BRDA:114,8,0,0
BRDA:114,8,1,0
BRDA:139,9,0,0
BRDA:139,9,1,1
BRDA:142,10,0,0
BRDA:142,10,1,1
BRDA:176,11,0,0
BRDA:176,11,1,1
BRF:24
BRH:15
end_of_record
TN:
SF:src\modules\comment\comment.service.js
FN:8,(anonymous_0)
FN:15,(anonymous_1)
FN:28,(anonymous_2)
FN:37,(anonymous_3)
FN:42,(anonymous_4)
FN:53,(anonymous_5)
FNF:6
FNH:5
FNDA:1,(anonymous_0)
FNDA:1,(anonymous_1)
FNDA:1,(anonymous_2)
FNDA:0,(anonymous_3)
FNDA:1,(anonymous_4)
FNDA:1,(anonymous_5)
DA:3,8
DA:4,8
DA:5,8
DA:6,8
DA:8,8
DA:9,1
DA:15,8
DA:16,1
DA:24,1
DA:25,1
DA:28,8
DA:29,1
DA:30,1
DA:34,1
DA:37,8
DA:38,0
DA:39,0
DA:42,8
DA:43,1
DA:44,1
DA:45,1
DA:46,1
DA:48,0
DA:49,0
DA:50,0
DA:53,8
DA:54,1
DA:55,1
DA:56,0
DA:59,8
LF:30
LH:24
BRDA:19,0,0,1
BRDA:19,0,1,0
BRDA:20,1,0,1
BRDA:20,1,1,1
BRDA:21,2,0,1
BRDA:21,2,1,1
BRDA:37,3,0,0
BRDA:38,4,0,0
BRDA:38,4,1,0
BRDA:38,5,0,0
BRDA:38,5,1,0
BRDA:44,6,0,0
BRDA:44,6,1,1
BRDA:45,7,0,1
BRDA:45,7,1,0
BRDA:45,8,0,1
BRDA:45,8,1,1
BRDA:55,9,0,1
BRDA:55,9,1,0
BRF:19
BRH:10
end_of_record
TN:
SF:src\modules\episode\episode.service.js
FN:9,(anonymous_0)
FN:18,(anonymous_1)
FN:49,(anonymous_2)
FN:62,(anonymous_3)
FN:70,(anonymous_4)
FN:76,(anonymous_5)
FNF:6
FNH:4
FNDA:3,(anonymous_0)
FNDA:3,(anonymous_1)
FNDA:0,(anonymous_2)
FNDA:1,(anonymous_3)
FNDA:0,(anonymous_4)
FNDA:1,(anonymous_5)
DA:1,8
DA:2,8
DA:3,8
DA:4,8
DA:5,8
DA:7,8
DA:9,8
DA:10,3
DA:11,3
DA:12,2
DA:13,0
DA:15,2
DA:18,8
DA:19,3
DA:20,3
DA:23,2
DA:24,2
DA:25,2
DA:26,2
DA:27,1
DA:32,1
DA:33,1
DA:35,1
DA:42,1
DA:43,1
DA:46,1
DA:49,8
DA:50,0
DA:51,0
DA:52,0
DA:54,0
DA:59,0
DA:62,8
DA:63,1
DA:64,1
DA:66,1
DA:67,1
DA:70,8
DA:71,0
DA:72,0
DA:73,0
DA:76,8
DA:77,1
DA:78,1
DA:80,1
DA:83,1
DA:84,1
DA:87,1
DA:90,8
LF:49
LH:40
BRDA:11,0,0,1
BRDA:11,0,1,2
BRDA:12,1,0,0
BRDA:12,1,1,2
BRDA:23,2,0,2
BRDA:23,2,1,0
BRDA:25,3,0,0
BRDA:25,3,1,2
BRDA:26,4,0,1
BRDA:26,4,1,1
BRDA:33,5,0,0
BRDA:33,5,1,1
BRDA:37,6,0,1
BRDA:37,6,1,0
BRDA:42,7,0,1
BRDA:42,7,1,0
BRDA:64,8,0,0
BRDA:64,8,1,1
BRDA:72,9,0,0
BRDA:72,9,1,0
BRDA:78,10,0,0
BRDA:78,10,1,1
BRDA:83,11,0,1
BRDA:83,11,1,0
BRF:24
BRH:13
end_of_record
TN:
SF:src\modules\history\history.service.js
FN:6,(anonymous_0)
FN:26,(anonymous_1)
FNF:2
FNH:2
FNDA:2,(anonymous_0)
FNDA:1,(anonymous_1)
DA:1,8
DA:2,8
DA:3,8
DA:4,8
DA:6,8
DA:7,2
DA:9,2
DA:10,2
DA:12,2
DA:13,1
DA:14,1
DA:15,1
DA:16,1
DA:20,1
DA:21,1
DA:22,1
DA:23,1
DA:26,8
DA:27,1
DA:28,1
DA:30,1
DA:31,1
DA:33,1
DA:38,1
DA:41,8
LF:25
LH:25
BRDA:10,0,0,0
BRDA:10,0,1,2
BRDA:12,1,0,1
BRDA:12,1,1,1
BRDA:15,2,0,0
BRDA:15,2,1,1
BRDA:22,3,0,0
BRDA:22,3,1,1
BRDA:31,4,0,1
BRDA:31,4,1,0
BRF:10
BRH:6
end_of_record
TN:
SF:src\modules\manga\manga.service.js
FN:9,(anonymous_0)
FN:10,(anonymous_1)
FN:13,(anonymous_2)
FN:20,(anonymous_3)
FN:41,(anonymous_4)
FN:47,(anonymous_5)
FN:58,(anonymous_6)
FN:77,(anonymous_7)
FN:85,(anonymous_8)
FN:113,(anonymous_9)
FNF:10
FNH:9
FNDA:5,(anonymous_0)
FNDA:0,(anonymous_1)
FNDA:2,(anonymous_2)
FNDA:1,(anonymous_3)
FNDA:2,(anonymous_4)
FNDA:2,(anonymous_5)
FNDA:1,(anonymous_6)
FNDA:2,(anonymous_7)
FNDA:1,(anonymous_8)
FNDA:1,(anonymous_9)
DA:1,9
DA:2,9
DA:3,9
DA:4,9
DA:5,9
DA:6,9
DA:7,9
DA:9,9
DA:10,5
DA:13,9
DA:14,2
DA:15,2
DA:16,2
DA:17,2
DA:20,9
DA:21,1
DA:22,1
DA:24,1
DA:25,1
DA:26,1
DA:27,1
DA:28,1
DA:29,1
DA:31,1
DA:33,1
DA:38,1
DA:41,9
DA:42,2
DA:43,2
DA:44,1
DA:47,9
DA:49,2
DA:50,1
DA:52,2
DA:53,2
DA:54,1
DA:55,1
DA:58,9
DA:59,1
DA:60,1
DA:63,1
DA:72,1
DA:74,1
DA:77,9
DA:78,2
DA:79,2
DA:80,1
DA:81,1
DA:82,1
DA:85,9
DA:86,1
DA:87,1
DA:90,1
DA:102,1
DA:103,1
DA:113,1
DA:114,1
DA:115,2
DA:116,2
DA:120,1
DA:123,9
LF:61
LH:61
BRDA:25,0,0,1
BRDA:25,0,1,0
BRDA:26,1,0,1
BRDA:26,1,1,0
BRDA:27,2,0,1
BRDA:27,2,1,0
BRDA:28,3,0,1
BRDA:28,3,1,0
BRDA:29,4,0,1
BRDA:29,4,1,0
BRDA:31,5,0,1
BRDA:31,5,1,0
BRDA:31,6,0,0
BRDA:31,6,1,1
BRDA:43,7,0,1
BRDA:43,7,1,1
BRDA:49,8,0,1
BRDA:49,8,1,1
BRDA:53,9,0,1
BRDA:53,9,1,1
BRDA:60,10,0,0
BRDA:60,10,1,1
BRDA:79,11,0,1
BRDA:79,11,1,1
BRDA:87,12,0,0
BRDA:87,12,1,1
BRDA:102,13,0,1
BRDA:102,13,1,0
BRDA:115,14,0,1
BRDA:115,14,1,1
BRDA:116,15,0,0
BRDA:116,15,1,2
BRF:32
BRH:21
end_of_record
TN:
SF:src\modules\review\review.service.js
FN:8,(anonymous_0)
FN:15,(anonymous_1)
FN:23,(anonymous_2)
FN:32,(anonymous_3)
FN:41,(anonymous_4)
FNF:5
FNH:5
FNDA:2,(anonymous_0)
FNDA:2,(anonymous_1)
FNDA:1,(anonymous_2)
FNDA:1,(anonymous_3)
FNDA:1,(anonymous_4)
DA:3,8
DA:4,8
DA:5,8
DA:6,8
DA:8,8
DA:9,2
DA:15,8
DA:16,2
DA:17,2
DA:18,1
DA:19,1
DA:20,1
DA:23,8
DA:24,1
DA:25,1
DA:29,1
DA:32,8
DA:33,1
DA:34,1
DA:35,1
DA:36,0
DA:37,0
DA:38,0
DA:41,8
DA:42,1
DA:43,1
DA:44,1
DA:45,0
DA:47,1
DA:48,1
DA:49,1
DA:52,8
LF:32
LH:28
BRDA:17,0,0,1
BRDA:17,0,1,1
BRDA:34,1,0,0
BRDA:34,1,1,1
BRDA:35,2,0,1
BRDA:35,2,1,0
BRDA:43,3,0,0
BRDA:43,3,1,1
BRDA:44,4,0,0
BRDA:44,4,1,1
BRDA:44,5,0,1
BRDA:44,5,1,0
BRF:12
BRH:7
end_of_record
TN:
SF:src\modules\season\season.service.js
FN:9,(anonymous_0)
FN:18,(anonymous_1)
FN:29,(anonymous_2)
FN:42,(anonymous_3)
FN:48,(anonymous_4)
FN:54,(anonymous_5)
FNF:6
FNH:3
FNDA:4,(anonymous_0)
FNDA:3,(anonymous_1)
FNDA:1,(anonymous_2)
FNDA:0,(anonymous_3)
FNDA:0,(anonymous_4)
FNDA:0,(anonymous_5)
DA:1,8
DA:2,8
DA:3,8
DA:4,8
DA:6,8
DA:9,8
DA:10,4
DA:11,4
DA:12,4
DA:13,1
DA:15,3
DA:18,8
DA:19,3
DA:20,3
DA:23,2
DA:24,2
DA:26,1
DA:29,8
DA:30,1
DA:31,1
DA:32,1
DA:34,1
DA:39,1
DA:42,8
DA:43,0
DA:44,0
DA:45,0
DA:48,8
DA:49,0
DA:50,0
DA:51,0
DA:54,8
DA:55,0
DA:56,0
DA:57,0
DA:60,8
LF:36
LH:27
BRDA:11,0,0,0
BRDA:11,0,1,4
BRDA:12,1,0,1
BRDA:12,1,1,3
BRDA:24,2,0,1
BRDA:24,2,1,1
BRDA:44,3,0,0
BRDA:44,3,1,0
BRDA:50,4,0,0
BRDA:50,4,1,0
BRDA:56,5,0,0
BRDA:56,5,1,0
BRF:12
BRH:5
end_of_record
TN:
SF:src\modules\tag\tag.service.js
FN:7,listTags
FN:14,getTag
FN:23,createTag
FN:34,updateTag
FN:43,deleteTag
FNF:5
FNH:5
FNDA:1,listTags
FNDA:1,getTag
FNDA:2,createTag
FNDA:1,updateTag
FNDA:1,deleteTag
DA:1,8
DA:2,8
DA:8,1
DA:15,1
DA:16,1
DA:17,0
DA:24,2
DA:27,2
DA:28,1
DA:35,1
DA:36,1
DA:37,0
DA:44,1
DA:45,1
DA:48,8
LF:15
LH:13
BRDA:16,0,0,1
BRDA:16,0,1,0
BRDA:27,1,0,1
BRDA:27,1,1,1
BRDA:36,2,0,1
BRDA:36,2,1,0
BRDA:45,3,0,1
BRDA:45,3,1,0
BRF:8
BRH:5
end_of_record
TN:
SF:src\modules\user\user.service.js
FN:11,(anonymous_0)
FN:20,(anonymous_1)
FN:26,(anonymous_2)
FN:30,(anonymous_3)
FN:38,(anonymous_4)
FN:45,(anonymous_5)
FN:56,(anonymous_6)
FN:82,(anonymous_7)
FN:106,(anonymous_8)
FNF:9
FNH:9
FNDA:2,(anonymous_0)
FNDA:2,(anonymous_1)
FNDA:1,(anonymous_2)
FNDA:4,(anonymous_3)
FNDA:1,(anonymous_4)
FNDA:1,(anonymous_5)
FNDA:1,(anonymous_6)
FNDA:1,(anonymous_7)
FNDA:1,(anonymous_8)
DA:1,8
DA:2,8
DA:3,8
DA:4,8
DA:5,8
DA:6,8
DA:7,8
DA:9,8
DA:11,8
DA:12,2
DA:20,8
DA:21,2
DA:22,2
DA:23,1
DA:26,8
DA:28,1
DA:29,1
DA:30,4
DA:32,1
DA:33,1
DA:34,1
DA:35,1
DA:38,8
DA:39,1
DA:40,1
DA:41,1
DA:42,1
DA:45,8
DA:46,1
DA:47,1
DA:48,1
DA:50,1
DA:51,1
DA:52,1
DA:53,1
DA:56,8
DA:57,1
DA:58,1
DA:59,1
DA:61,1
DA:62,1
DA:64,1
DA:70,1
DA:78,1
DA:79,1
DA:82,8
DA:83,1
DA:84,1
DA:86,1
DA:87,1
DA:88,1
DA:89,1
DA:90,1
DA:92,1
DA:97,1
DA:102,1
DA:103,1
DA:106,8
DA:107,1
DA:108,1
DA:110,1
DA:111,1
DA:112,1
DA:113,1
DA:114,1
DA:116,1
DA:121,1
DA:126,1
DA:127,1
DA:130,8
LF:70
LH:70
BRDA:22,0,0,1
BRDA:22,0,1,1
BRDA:33,1,0,0
BRDA:33,1,1,1
BRDA:40,2,0,0
BRDA:40,2,1,1
BRDA:48,3,0,0
BRDA:48,3,1,1
BRDA:51,4,0,0
BRDA:51,4,1,1
BRDA:59,5,0,0
BRDA:59,5,1,1
BRDA:62,6,0,0
BRDA:62,6,1,1
BRDA:84,7,0,0
BRDA:84,7,1,1
BRDA:90,8,0,0
BRDA:90,8,1,1
BRDA:108,9,0,0
BRDA:108,9,1,1
BRDA:114,10,0,0
BRDA:114,10,1,1
BRF:22
BRH:12
end_of_record
TN:
SF:src\shared\utils\cache.js
FN:16,(anonymous_0)
FN:33,(anonymous_1)
FN:48,(anonymous_2)
FN:63,(anonymous_3)
FNF:4
FNH:4
FNDA:3,(anonymous_0)
FNDA:2,(anonymous_1)
FNDA:3,(anonymous_2)
FNDA:16,(anonymous_3)
DA:1,16
DA:6,16
DA:16,16
DA:17,3
DA:18,3
DA:19,0
DA:20,0
DA:21,0
DA:23,0
DA:33,16
DA:34,2
DA:35,2
DA:36,1
DA:37,1
DA:48,16
DA:49,3
DA:50,3
DA:51,0
DA:52,0
DA:63,16
DA:64,16
DA:65,16
DA:66,1
DA:67,1
DA:68,1
DA:69,2
DA:70,2
DA:71,2
DA:78,16
LF:29
LH:23
BRDA:18,0,0,3
BRDA:18,0,1,0
BRDA:21,1,0,0
BRDA:21,1,1,0
BRDA:35,2,0,1
BRDA:35,2,1,1
BRDA:50,3,0,3
BRDA:50,3,1,0
BRDA:50,4,0,3
BRDA:50,4,1,0
BRDA:65,5,0,15
BRDA:65,5,1,1
BRDA:71,6,0,2
BRDA:71,6,1,0
BRF:14
BRH:8
end_of_record
TN:
SF:src\shared\utils\catchAsync.js
FN:1,(anonymous_0)
FN:1,(anonymous_1)
FNF:2
FNH:2
FNDA:574,(anonymous_0)
FNDA:60,(anonymous_1)
DA:1,574
DA:2,60
DA:5,7
LF:3
LH:3
BRF:0
BRH:0
end_of_record
TN:
SF:src\shared\utils\paginate.js
FN:1,(anonymous_0)
FN:9,(anonymous_1)
FNF:2
FNH:2
FNDA:18,(anonymous_0)
FNDA:17,(anonymous_1)
DA:1,21
DA:2,18
DA:3,18
DA:4,18
DA:6,18
DA:9,21
DA:16,21
LF:7
LH:7
BRDA:2,0,0,18
BRDA:2,0,1,1
BRDA:3,1,0,18
BRDA:3,1,1,1
BRF:4
BRH:4
end_of_record
TN:
SF:src\shared\utils\response.js
FN:1,(anonymous_0)
FN:7,(anonymous_1)
FNF:2
FNH:2
FNDA:43,(anonymous_0)
FNDA:27,(anonymous_1)
DA:1,7
DA:2,43
DA:3,43
DA:4,43
DA:7,7
DA:8,27
DA:11,7
LF:7
LH:7
BRDA:1,0,0,41
BRDA:1,1,0,34
BRDA:1,2,0,0
BRDA:1,3,0,15
BRDA:3,4,0,28
BRDA:3,4,1,15
BRDA:7,5,0,0
BRDA:7,6,0,0
BRF:8
BRH:5
end_of_record
